@bcowgi11/perljs
@emotion/styled
@storybook/cli
@testing-library/jest-dom
@testing-library/react
@testing-library/user-event
@welldone-software/why-did-you-render
abbrev
ascii-art
async
benchmark
chai
chai-as-promised
chalk
classnames
concurrently
cross-env
cucumber
currency-formatter
cypress
cypress-cucumber-preprocessor
cypress-dark
cypress-image-snapshot
cypress-plugin-retries
cypress-plugin-tab
cypress-visual-regression
deep-equal
doctoc
dotenv
eslint
eslint-config-react-app
eslint-plugin-jsx-a11y
eslint-plugin-react
eslint-plugin-react-hooks
eslint-plugin-unicorn
feature.js
gherkin
htmllint
htmllint-cli
husky
jest
jsdoc
jshint
json-server
json5
lodash
microtime
mkdirp
mocha
mocha-dark
modernizr
moment
nodemon
nopt
npm-check
number-to-words
nyc
parcel
platform
prettier
prettyjson
prop-types
ramda
react
react-dom
react-scripts
rimraf
run-sequence
serve
shelljs
sinon
stylelint
stylelint-config-standard
tailwindcss
timemachine
ts-jest
typescript
uncommentify
weak-napi
zenscroll
