My WINDEV tools not currently in the to-lloyds package.
CONST_CASE.pl
CamelCaseX.pl
activate.sh
after.sh
all-checkout.sh
all-clean.sh
all-debug-css.sh
all-egrep.sh
all-esearch.sh
all-fetch-pull-request.sh
all-find-branch.sh
all-find-commits.sh
all-get-branches.sh
all-get-new-branches.sh
all-git-stash-crap.sh
all-git-stash-save.sh
all-git-stash.sh
all-grep.sh
all-grunt.sh
all-log.sh
all-new-branches.sh
all-pull.sh
all-push.sh
all-repos.sh
all-search.sh
all-status.sh
anglicise.pl
auto-rename.pl
between.sh
camelCase.pl
cfg/wipro-rbos/home/bin/cfg/wipro-rbos/glad.sh
cfg/wipro-rbos/home/bin/cfg/wipro-rbos/mad.sh
cfg/wipro-rbos/home/bin/cfg/wipro-rbos/prettydiff.sh
cfg/wipro-rbos/home/bin/cfg/wipro-rbos/punch-in.sh
cfg/wipro-rbos/home/bin/cfg/wipro-rbos/punch-out.sh
cfg/wipro-rbos/home/bin/cfg/wipro-rbos/sad.sh
cfg/wipro-rbos/home/bin/cfg/wipro-rbos/scan-code.sh
cfg/wipro-rbos/home/bin/cfg/wipro-rbos/task.sh
cfg/wipro-rbos/home/bin/cfg/wipro-rbos/waste.sh
cfg/wipro-rbos/project-specific/scripts/index.sh
cfg/wipro-rbos/readme.txt
cfg/wipro-rbos/stage-tools.sh
check-blatted-files.sh
choose.pl
clean-git.sh
clean.sh
css-diagnose.sh
cucify.pl
datestampfn.sh
deactivate.sh
debug-css.sh
debug-js-off.sh
debug-js-on.sh
delsame.pl
diff.sh
du-sk.sh
ensure-file.sh
entity2utf.pl
file-break.pl
file.sh
filter-css-colors.pl
filter-docs.sh
filter-drawings.sh
filter-file.pl
filter-images.sh
filter-mime-audio.pl
filter-mime-video.pl
filter-sounds.sh
filter-videos.sh
find-auto.sh
find-code.sh
find-configs.sh
find-css.sh
find-docs.sh
find-drawings.sh
find-ez-sounds.sh
find-ez.sh
find-fonts.sh
find-git.sh
find-images.sh
find-js.sh
find-json.sh
find-mac-hidden.sh
find-perl.sh
find-scripts.sh
find-sounds.sh
find-sum.sh
find-text.sh
find-videos.sh
find-web.sh
find-zips.sh
fire.sh
fix-braces-js.sh
fix-callcount.sh
fix-commas.pl
fix-displayname.sh
fix-else-cuddle.sh
fix-else-uncuddle.sh
fix-import-order.pl
fix-import.pl
fix-jslint.sh
fix-test-describe.sh
forever.pl
get-image-size.pl
git-abandon-changes.sh
git-agelog.sh
git-bra.sh
git-branch-age.sh
git-branch-lists.sh
git-check-tests.sh
git-checkout-branch.sh
git-co.sh
git-fail-if.pl
git-fix-tests.sh
git-fpr.sh
git-get-remote-branch.sh
git-grep-skipped.sh
git-grep2.sh
git-gui.sh
git-is-ahead.sh
git-is-changed.sh
git-is-clean.sh
git-log-until.sh
git-ls-code.sh
git-ls-diff.sh
git-ls-merge-tree.sh
git-merge-subdir.sh
git-merge.sh
git-mustdo.sh
git-mv-src.sh
git-ot.pl
git-patch-subdir.sh
git-patch.sh
git-remote-check.sh
git-rename.sh
git-rewind-manually.sh
git-rewind.sh
git-shame.sh
git-tag.sh
git-test-files.sh
git-undelete.sh
git-untracked.sh
git-use-diffmerge.sh
git-use-kdiff3.sh
git-use-meld.sh
git-use-winmerge.sh
grep-bad-utf8.pl
grep-english.sh
grep-hibit.pl
grep-utf8.sh
help.sh
howmanyin.sh
hyphen-case.pl
in.sh
ini-inline.pl
inject-middle.sh
invert-css-color.pl
json-change.sh
json-common.pl
json-insert.sh
json-minus.pl
json-plus.pl
json-reorder.pl
json-shave.pl
json-syntax.pl
json-translate.pl
json2csv.sh
json5-build.sh
keep-it-up.sh
line.sh
ls-lower.sh
ls-mac.sh
ls-maths.sh
ls-props.sh
ls-spacefiles.sh
ls-types.pl
ls-upper.sh
middle.sh
mk-facade-js.sh
mk-js-imports.sh
mk-js-requires.sh
mk-js-tests.sh
mustdo.sh
nonpmproxy.sh
npm-fixup.sh
npm-ls-dev.sh
npm-ls-prod.sh
npm-ls.sh
npm-pkg-vers.js
npm-up-dev.sh
npm-up-prod.sh
number-tests.pl
packagever.sh
paste-html-enquote-js.pl
paste-js-enquote-xml.pl
paste-list-js.pl
paste-list.pl
prepend.sh
pretty-elements.pl
prettydiff.sh
punch-in.sh
punch-out.sh
random-order.sh
randomize-urls.sh
refactor.sh
rename-files.sh
renumber-files.sh
reverse-order.sh
scan-code.sh
scan-js.pl
scan-tree.sh
see.sh
shebang.sh
show-cmd.sh
show-html-indent.sh
show-java-log-errors.pl
smiley.sh
snake_case.pl
sort-depth-r.pl
sort-depth.pl
spaces.pl
split-brace.sh
split-comma.sh
split-jest-snapshot.pl
split-list.pl
split-long.sh
split-semicolon.sh
split-spaces.sh
strip-comments.pl
strip-newline.sh
strip-whitespace.sh
time-this.sh
toggle-prompt-short.sh
toggle-prompt.sh
uniquote.pl
unminify.sh
until.sh
unwebpack.sh
unzip64.pl
upath.sh
utf2entity.pl
utf8-ellipsis.pl
utf8-filter.pl
utf8.pl
utf8class.pl
utf8codept.pl
utf8dbg.pl
utf8locale.sh
utf8ls-letter.sh
utf8ls-number.sh
utf8ls.pl
utf8quotes.sh
utf8tr.pl
vimfind.sh
watch-apps.sh
what-apps.sh
what-is-running.pl
whatsin.sh
whitespace-sample.sh
who-needs.sh
wymlink.sh
