Script started on Tue Mar 11 10:30:36 2025
The operation couldn’t be completed. Unable to locate a Java Runtime.
Please visit http://www.java.com for information on installing Java.


The default interactive shell is now zsh.
To update your account to use zsh, please run `chsh -s /bin/zsh`.
For more details, please visit https://support.apple.com/kb/HT208050.

br388313@C02FJ2JKMD6M: ~/bin/template/typescript/vite-start (master *+$%|u=)$ npm create vite@lat 
est


Need to install the following packages:
create-vite@6.3.1
Ok to proceed? (y) 
y
npm WARN EBADENGINE Unsupported engine {
npm WARN EBADENGINE   package: 'create-vite@6.3.1',
npm WARN EBADENGINE   required: { node: '^18.0.0 || ^20.0.0 || >=22.0.0' },
npm WARN EBADENGINE   current: { node: 'v21.6.1', npm: '10.2.4' }
npm WARN EBADENGINE }
(##################) ⠸ reify:create-vite: http fetch GET 200 https://registry.


│
◆  Project name:
│  vite-project
└



■  Project name:
│  vite-project
│
└  Operation cancelled

npm notice
npm notice New major version of npm available! 10.2.4 -> 11.2.0
npm notice Changelog: https://github.com/npm/cli/releases/tag/v11.2.0
npm notice Run npm install -g npm@11.2.0 to update!
npm notice

br388313@C02FJ2JKMD6M: ~/bin/template/typescript/vite-start (master *+$%|u=)$ nvm ls-remote
        v0.1.14
        v0.1.15
        v0.1.16
        v0.1.17
        v0.1.18
        v0.1.19
        v0.1.20
        v0.1.21
        v0.1.22
        v0.1.23
        v0.1.24
        v0.1.25
        v0.1.26
        v0.1.27
        v0.1.28
        v0.1.29
        v0.1.30
        v0.1.31
        v0.1.32
        v0.1.33
        v0.1.90
        v0.1.91
        v0.1.92
        v0.1.93
        v0.1.94
        v0.1.95
        v0.1.96
        v0.1.97
        v0.1.98
        v0.1.99
       v0.1.100
       v0.1.101
       v0.1.102
       v0.1.103
       v0.1.104
         v0.2.0
         v0.2.1
         v0.2.2
         v0.2.3
         v0.2.4
         v0.2.5
         v0.2.6
         v0.3.0
         v0.3.1
         v0.3.2
         v0.3.3
         v0.3.4
         v0.3.5
         v0.3.6
         v0.3.7
         v0.3.8
         v0.4.0
         v0.4.1
         v0.4.2
         v0.4.3
         v0.4.4
         v0.4.5
         v0.4.6
         v0.4.7
         v0.4.8
         v0.4.9
        v0.4.10
        v0.4.11
        v0.4.12
         v0.5.0
         v0.5.1
         v0.5.2
         v0.5.3
         v0.5.4
         v0.5.5
         v0.5.6
         v0.5.7
         v0.5.8
         v0.5.9
        v0.5.10
         v0.6.0
         v0.6.1
         v0.6.2
         v0.6.3
         v0.6.4
         v0.6.5
         v0.6.6
         v0.6.7
         v0.6.8
         v0.6.9
        v0.6.10
        v0.6.11
        v0.6.12
        v0.6.13
        v0.6.14
        v0.6.15
        v0.6.16
        v0.6.17
        v0.6.18
        v0.6.19
        v0.6.20
        v0.6.21
         v0.7.0
         v0.7.1
         v0.7.2
         v0.7.3
         v0.7.4
         v0.7.5
         v0.7.6
         v0.7.7
         v0.7.8
         v0.7.9
        v0.7.10
        v0.7.11
        v0.7.12
         v0.8.0
         v0.8.1
         v0.8.2
         v0.8.3
         v0.8.4
         v0.8.5
         v0.8.6
         v0.8.7
         v0.8.8
         v0.8.9
        v0.8.10
        v0.8.11
        v0.8.12
        v0.8.13
        v0.8.14
        v0.8.15
        v0.8.16
        v0.8.17
        v0.8.18
        v0.8.19
        v0.8.20
        v0.8.21
        v0.8.22
        v0.8.23
        v0.8.24
        v0.8.25
        v0.8.26
        v0.8.27
        v0.8.28
         v0.9.0
         v0.9.1
         v0.9.2
         v0.9.3
         v0.9.4
         v0.9.5
         v0.9.6
         v0.9.7
         v0.9.8
         v0.9.9
        v0.9.10
        v0.9.11
        v0.9.12
        v0.10.0
        v0.10.1
        v0.10.2
        v0.10.3
        v0.10.4
        v0.10.5
        v0.10.6
        v0.10.7
        v0.10.8
        v0.10.9
       v0.10.10
       v0.10.11
       v0.10.12
       v0.10.13
       v0.10.14
       v0.10.15
       v0.10.16
       v0.10.17
       v0.10.18
       v0.10.19
       v0.10.20
       v0.10.21
       v0.10.22
       v0.10.23
       v0.10.24
       v0.10.25
       v0.10.26
       v0.10.27
       v0.10.28
       v0.10.29
       v0.10.30
       v0.10.31
       v0.10.32
       v0.10.33
       v0.10.34
       v0.10.35
       v0.10.36
       v0.10.37
       v0.10.38
       v0.10.39
       v0.10.40
       v0.10.41
       v0.10.42
       v0.10.43
       v0.10.44
       v0.10.45
       v0.10.46
       v0.10.47
       v0.10.48
        v0.11.0
        v0.11.1
        v0.11.2
        v0.11.3
        v0.11.4
        v0.11.5
        v0.11.6
        v0.11.7
        v0.11.8
        v0.11.9
       v0.11.10
       v0.11.11
       v0.11.12
       v0.11.13
       v0.11.14
       v0.11.15
       v0.11.16
        v0.12.0
        v0.12.1
        v0.12.2
        v0.12.3
        v0.12.4
        v0.12.5
        v0.12.6
        v0.12.7
        v0.12.8
        v0.12.9
       v0.12.10
       v0.12.11
       v0.12.12
       v0.12.13
       v0.12.14
       v0.12.15
       v0.12.16
       v0.12.17
       v0.12.18
    iojs-v1.0.0
    iojs-v1.0.1
    iojs-v1.0.2
    iojs-v1.0.3
    iojs-v1.0.4
    iojs-v1.1.0
    iojs-v1.2.0
    iojs-v1.3.0
    iojs-v1.4.1
    iojs-v1.4.2
    iojs-v1.4.3
    iojs-v1.5.0
    iojs-v1.5.1
    iojs-v1.6.0
    iojs-v1.6.1
    iojs-v1.6.2
    iojs-v1.6.3
    iojs-v1.6.4
    iojs-v1.7.1
    iojs-v1.8.1
    iojs-v1.8.2
    iojs-v1.8.3
    iojs-v1.8.4
    iojs-v2.0.0
    iojs-v2.0.1
    iojs-v2.0.2
    iojs-v2.1.0
    iojs-v2.2.0
    iojs-v2.2.1
    iojs-v2.3.0
    iojs-v2.3.1
    iojs-v2.3.2
    iojs-v2.3.3
    iojs-v2.3.4
    iojs-v2.4.0
    iojs-v2.5.0
    iojs-v3.0.0
    iojs-v3.1.0
    iojs-v3.2.0
    iojs-v3.3.0
    iojs-v3.3.1
         v4.0.0
         v4.1.0
         v4.1.1
         v4.1.2
         v4.2.0   (LTS: Argon)
         v4.2.1   (LTS: Argon)
         v4.2.2   (LTS: Argon)
         v4.2.3   (LTS: Argon)
         v4.2.4   (LTS: Argon)
         v4.2.5   (LTS: Argon)
         v4.2.6   (LTS: Argon)
         v4.3.0   (LTS: Argon)
         v4.3.1   (LTS: Argon)
         v4.3.2   (LTS: Argon)
         v4.4.0   (LTS: Argon)
         v4.4.1   (LTS: Argon)
         v4.4.2   (LTS: Argon)
         v4.4.3   (LTS: Argon)
         v4.4.4   (LTS: Argon)
         v4.4.5   (LTS: Argon)
         v4.4.6   (LTS: Argon)
         v4.4.7   (LTS: Argon)
         v4.5.0   (LTS: Argon)
         v4.6.0   (LTS: Argon)
         v4.6.1   (LTS: Argon)
         v4.6.2   (LTS: Argon)
         v4.7.0   (LTS: Argon)
         v4.7.1   (LTS: Argon)
         v4.7.2   (LTS: Argon)
         v4.7.3   (LTS: Argon)
         v4.8.0   (LTS: Argon)
         v4.8.1   (LTS: Argon)
         v4.8.2   (LTS: Argon)
         v4.8.3   (LTS: Argon)
         v4.8.4   (LTS: Argon)
         v4.8.5   (LTS: Argon)
         v4.8.6   (LTS: Argon)
         v4.8.7   (LTS: Argon)
         v4.9.0   (LTS: Argon)
         v4.9.1   (Latest LTS: Argon)
         v5.0.0
         v5.1.0
         v5.1.1
         v5.2.0
         v5.3.0
         v5.4.0
         v5.4.1
         v5.5.0
         v5.6.0
         v5.7.0
         v5.7.1
         v5.8.0
         v5.9.0
         v5.9.1
        v5.10.0
        v5.10.1
        v5.11.0
        v5.11.1
        v5.12.0
         v6.0.0
         v6.1.0
         v6.2.0
         v6.2.1
         v6.2.2
         v6.3.0
         v6.3.1
         v6.4.0
         v6.5.0
         v6.6.0
         v6.7.0
         v6.8.0
         v6.8.1
         v6.9.0   (LTS: Boron)
         v6.9.1   (LTS: Boron)
         v6.9.2   (LTS: Boron)
         v6.9.3   (LTS: Boron)
         v6.9.4   (LTS: Boron)
         v6.9.5   (LTS: Boron)
        v6.10.0   (LTS: Boron)
        v6.10.1   (LTS: Boron)
        v6.10.2   (LTS: Boron)
        v6.10.3   (LTS: Boron)
        v6.11.0   (LTS: Boron)
        v6.11.1   (LTS: Boron)
        v6.11.2   (LTS: Boron)
        v6.11.3   (LTS: Boron)
        v6.11.4   (LTS: Boron)
        v6.11.5   (LTS: Boron)
        v6.12.0   (LTS: Boron)
        v6.12.1   (LTS: Boron)
        v6.12.2   (LTS: Boron)
        v6.12.3   (LTS: Boron)
        v6.13.0   (LTS: Boron)
        v6.13.1   (LTS: Boron)
        v6.14.0   (LTS: Boron)
        v6.14.1   (LTS: Boron)
        v6.14.2   (LTS: Boron)
        v6.14.3   (LTS: Boron)
        v6.14.4   (LTS: Boron)
        v6.15.0   (LTS: Boron)
        v6.15.1   (LTS: Boron)
        v6.16.0   (LTS: Boron)
        v6.17.0   (LTS: Boron)
        v6.17.1   (Latest LTS: Boron)
         v7.0.0
         v7.1.0
         v7.2.0
         v7.2.1
         v7.3.0
         v7.4.0
         v7.5.0
         v7.6.0
         v7.7.0
         v7.7.1
         v7.7.2
         v7.7.3
         v7.7.4
         v7.8.0
         v7.9.0
        v7.10.0
        v7.10.1
         v8.0.0
         v8.1.0
         v8.1.1
         v8.1.2
         v8.1.3
         v8.1.4
         v8.2.0
         v8.2.1
         v8.3.0
         v8.4.0
         v8.5.0
         v8.6.0
         v8.7.0
         v8.8.0
         v8.8.1
         v8.9.0   (LTS: Carbon)
         v8.9.1   (LTS: Carbon)
         v8.9.2   (LTS: Carbon)
         v8.9.3   (LTS: Carbon)
         v8.9.4   (LTS: Carbon)
        v8.10.0   (LTS: Carbon)
        v8.11.0   (LTS: Carbon)
        v8.11.1   (LTS: Carbon)
        v8.11.2   (LTS: Carbon)
        v8.11.3   (LTS: Carbon)
        v8.11.4   (LTS: Carbon)
        v8.12.0   (LTS: Carbon)
        v8.13.0   (LTS: Carbon)
        v8.14.0   (LTS: Carbon)
        v8.14.1   (LTS: Carbon)
        v8.15.0   (LTS: Carbon)
        v8.15.1   (LTS: Carbon)
        v8.16.0   (LTS: Carbon)
        v8.16.1   (LTS: Carbon)
        v8.16.2   (LTS: Carbon)
        v8.17.0   (Latest LTS: Carbon)
         v9.0.0
         v9.1.0
         v9.2.0
         v9.2.1
         v9.3.0
         v9.4.0
         v9.5.0
         v9.6.0
         v9.6.1
         v9.7.0
         v9.7.1
         v9.8.0
         v9.9.0
        v9.10.0
        v9.10.1
        v9.11.0
        v9.11.1
        v9.11.2
        v10.0.0
        v10.1.0
        v10.2.0
        v10.2.1
        v10.3.0
        v10.4.0
        v10.4.1
        v10.5.0
        v10.6.0
        v10.7.0
        v10.8.0
        v10.9.0
       v10.10.0
       v10.11.0
       v10.12.0
       v10.13.0   (LTS: Dubnium)
       v10.14.0   (LTS: Dubnium)
       v10.14.1   (LTS: Dubnium)
       v10.14.2   (LTS: Dubnium)
       v10.15.0   (LTS: Dubnium)
       v10.15.1   (LTS: Dubnium)
       v10.15.2   (LTS: Dubnium)
       v10.15.3   (LTS: Dubnium)
       v10.16.0   (LTS: Dubnium)
       v10.16.1   (LTS: Dubnium)
       v10.16.2   (LTS: Dubnium)
       v10.16.3   (LTS: Dubnium)
       v10.17.0   (LTS: Dubnium)
       v10.18.0   (LTS: Dubnium)
       v10.18.1   (LTS: Dubnium)
       v10.19.0   (LTS: Dubnium)
       v10.20.0   (LTS: Dubnium)
       v10.20.1   (LTS: Dubnium)
       v10.21.0   (LTS: Dubnium)
       v10.22.0   (LTS: Dubnium)
       v10.22.1   (LTS: Dubnium)
       v10.23.0   (LTS: Dubnium)
       v10.23.1   (LTS: Dubnium)
       v10.23.2   (LTS: Dubnium)
       v10.23.3   (LTS: Dubnium)
       v10.24.0   (LTS: Dubnium)
       v10.24.1   (Latest LTS: Dubnium)
        v11.0.0
        v11.1.0
        v11.2.0
        v11.3.0
        v11.4.0
        v11.5.0
        v11.6.0
        v11.7.0
        v11.8.0
        v11.9.0
       v11.10.0
       v11.10.1
       v11.11.0
       v11.12.0
       v11.13.0
       v11.14.0
       v11.15.0
        v12.0.0
        v12.1.0
        v12.2.0
        v12.3.0
        v12.3.1
        v12.4.0
        v12.5.0
        v12.6.0
        v12.7.0
        v12.8.0
        v12.8.1
        v12.9.0
        v12.9.1
       v12.10.0
       v12.11.0
       v12.11.1
       v12.12.0
       v12.13.0   (LTS: Erbium)
       v12.13.1   (LTS: Erbium)
       v12.14.0   (LTS: Erbium)
       v12.14.1   (LTS: Erbium)
       v12.15.0   (LTS: Erbium)
       v12.16.0   (LTS: Erbium)
       v12.16.1   (LTS: Erbium)
       v12.16.2   (LTS: Erbium)
       v12.16.3   (LTS: Erbium)
       v12.17.0   (LTS: Erbium)
       v12.18.0   (LTS: Erbium)
       v12.18.1   (LTS: Erbium)
       v12.18.2   (LTS: Erbium)
       v12.18.3   (LTS: Erbium)
       v12.18.4   (LTS: Erbium)
       v12.19.0   (LTS: Erbium)
       v12.19.1   (LTS: Erbium)
       v12.20.0   (LTS: Erbium)
       v12.20.1   (LTS: Erbium)
       v12.20.2   (LTS: Erbium)
       v12.21.0   (LTS: Erbium)
       v12.22.0   (LTS: Erbium)
       v12.22.1   (LTS: Erbium)
       v12.22.2   (LTS: Erbium)
       v12.22.3   (LTS: Erbium)
       v12.22.4   (LTS: Erbium)
       v12.22.5   (LTS: Erbium)
       v12.22.6   (LTS: Erbium)
       v12.22.7   (LTS: Erbium)
       v12.22.8   (LTS: Erbium)
       v12.22.9   (LTS: Erbium)
      v12.22.10   (LTS: Erbium)
      v12.22.11   (LTS: Erbium)
      v12.22.12   (Latest LTS: Erbium)
        v13.0.0
        v13.0.1
        v13.1.0
        v13.2.0
        v13.3.0
        v13.4.0
        v13.5.0
        v13.6.0
        v13.7.0
        v13.8.0
        v13.9.0
       v13.10.0
       v13.10.1
       v13.11.0
       v13.12.0
       v13.13.0
       v13.14.0
        v14.0.0
        v14.1.0
        v14.2.0
        v14.3.0
        v14.4.0
        v14.5.0
        v14.6.0
        v14.7.0
        v14.8.0
        v14.9.0
       v14.10.0
       v14.10.1
       v14.11.0
       v14.12.0
       v14.13.0
       v14.13.1
       v14.14.0
       v14.15.0   (LTS: Fermium)
       v14.15.1   (LTS: Fermium)
       v14.15.2   (LTS: Fermium)
       v14.15.3   (LTS: Fermium)
       v14.15.4   (LTS: Fermium)
       v14.15.5   (LTS: Fermium)
       v14.16.0   (LTS: Fermium)
       v14.16.1   (LTS: Fermium)
       v14.17.0   (LTS: Fermium)
       v14.17.1   (LTS: Fermium)
       v14.17.2   (LTS: Fermium)
       v14.17.3   (LTS: Fermium)
       v14.17.4   (LTS: Fermium)
       v14.17.5   (LTS: Fermium)
       v14.17.6   (LTS: Fermium)
       v14.18.0   (LTS: Fermium)
       v14.18.1   (LTS: Fermium)
       v14.18.2   (LTS: Fermium)
       v14.18.3   (LTS: Fermium)
       v14.19.0   (LTS: Fermium)
       v14.19.1   (LTS: Fermium)
       v14.19.2   (LTS: Fermium)
       v14.19.3   (LTS: Fermium)
       v14.20.0   (LTS: Fermium)
       v14.20.1   (LTS: Fermium)
       v14.21.0   (LTS: Fermium)
       v14.21.1   (LTS: Fermium)
       v14.21.2   (LTS: Fermium)
       v14.21.3   (Latest LTS: Fermium)
        v15.0.0
        v15.0.1
        v15.1.0
        v15.2.0
        v15.2.1
        v15.3.0
        v15.4.0
        v15.5.0
        v15.5.1
        v15.6.0
        v15.7.0
        v15.8.0
        v15.9.0
       v15.10.0
       v15.11.0
       v15.12.0
       v15.13.0
       v15.14.0
        v16.0.0
        v16.1.0
        v16.2.0
        v16.3.0
        v16.4.0
        v16.4.1
        v16.4.2
        v16.5.0
        v16.6.0
        v16.6.1
        v16.6.2
        v16.7.0
        v16.8.0
        v16.9.0
        v16.9.1
       v16.10.0
       v16.11.0
       v16.11.1
       v16.12.0
       v16.13.0   (LTS: Gallium)
       v16.13.1   (LTS: Gallium)
       v16.13.2   (LTS: Gallium)
       v16.14.0   (LTS: Gallium)
       v16.14.1   (LTS: Gallium)
       v16.14.2   (LTS: Gallium)
       v16.15.0   (LTS: Gallium)
       v16.15.1   (LTS: Gallium)
       v16.16.0   (LTS: Gallium)
       v16.17.0   (LTS: Gallium)
       v16.17.1   (LTS: Gallium)
       v16.18.0   (LTS: Gallium)
       v16.18.1   (LTS: Gallium)
       v16.19.0   (LTS: Gallium)
       v16.19.1   (LTS: Gallium)
       v16.20.0   (LTS: Gallium)
       v16.20.1   (LTS: Gallium)
       v16.20.2   (Latest LTS: Gallium)
        v17.0.0
        v17.0.1
        v17.1.0
        v17.2.0
        v17.3.0
        v17.3.1
        v17.4.0
        v17.5.0
        v17.6.0
        v17.7.0
        v17.7.1
        v17.7.2
        v17.8.0
        v17.9.0
        v17.9.1
        v18.0.0
        v18.1.0
        v18.2.0
        v18.3.0
        v18.4.0
        v18.5.0
        v18.6.0
        v18.7.0
        v18.8.0
        v18.9.0
        v18.9.1
       v18.10.0
       v18.11.0
       v18.12.0   (LTS: Hydrogen)
       v18.12.1   (LTS: Hydrogen)
       v18.13.0   (LTS: Hydrogen)
       v18.14.0   (LTS: Hydrogen)
       v18.14.1   (LTS: Hydrogen)
       v18.14.2   (LTS: Hydrogen)
       v18.15.0   (LTS: Hydrogen)
       v18.16.0   (LTS: Hydrogen)
       v18.16.1   (LTS: Hydrogen)
       v18.17.0   (LTS: Hydrogen)
       v18.17.1   (LTS: Hydrogen)
       v18.18.0   (LTS: Hydrogen)
       v18.18.1   (LTS: Hydrogen)
       v18.18.2   (LTS: Hydrogen)
       v18.19.0   (LTS: Hydrogen)
       v18.19.1   (LTS: Hydrogen)
       v18.20.0   (LTS: Hydrogen)
       v18.20.1   (LTS: Hydrogen)
       v18.20.2   (LTS: Hydrogen)
       v18.20.3   (LTS: Hydrogen)
       v18.20.4   (LTS: Hydrogen)
       v18.20.5   (LTS: Hydrogen)
       v18.20.6   (LTS: Hydrogen)
       v18.20.7   (Latest LTS: Hydrogen)
        v19.0.0
        v19.0.1
        v19.1.0
        v19.2.0
        v19.3.0
        v19.4.0
        v19.5.0
        v19.6.0
        v19.6.1
        v19.7.0
        v19.8.0
        v19.8.1
        v19.9.0
        v20.0.0
        v20.1.0
        v20.2.0
        v20.3.0
        v20.3.1
        v20.4.0
        v20.5.0
        v20.5.1
        v20.6.0
        v20.6.1
        v20.7.0
        v20.8.0
        v20.8.1
        v20.9.0   (LTS: Iron)
       v20.10.0   (LTS: Iron)
       v20.11.0   (LTS: Iron)
       v20.11.1   (LTS: Iron)
       v20.12.0   (LTS: Iron)
       v20.12.1   (LTS: Iron)
       v20.12.2   (LTS: Iron)
       v20.13.0   (LTS: Iron)
       v20.13.1   (LTS: Iron)
       v20.14.0   (LTS: Iron)
       v20.15.0   (LTS: Iron)
       v20.15.1   (LTS: Iron)
       v20.16.0   (LTS: Iron)
       v20.17.0   (LTS: Iron)
       v20.18.0   (LTS: Iron)
       v20.18.1   (LTS: Iron)
       v20.18.2   (LTS: Iron)
       v20.18.3   (Latest LTS: Iron)
        v21.0.0
        v21.1.0
        v21.2.0
        v21.3.0
        v21.4.0
        v21.5.0
        v21.6.0
->      v21.6.1
        v21.6.2
        v21.7.0
        v21.7.1
        v21.7.2
        v21.7.3
        v22.0.0
        v22.1.0
        v22.2.0
        v22.3.0
        v22.4.0
        v22.4.1
        v22.5.0
        v22.5.1
        v22.6.0
        v22.7.0
        v22.8.0
        v22.9.0
       v22.10.0
       v22.11.0   (LTS: Jod)
       v22.12.0   (LTS: Jod)
       v22.13.0   (LTS: Jod)
       v22.13.1   (LTS: Jod)
       v22.14.0   (Latest LTS: Jod)
        v23.0.0
        v23.1.0
        v23.2.0
        v23.3.0
        v23.4.0
        v23.5.0
        v23.6.0
        v23.6.1
        v23.7.0
        v23.8.0
        v23.9.0

br388313@C02FJ2JKMD6M: ~/bin/template/typescript/vite-start (master *+$%|u=)$ nvm install npm cre 
ate vite@latest
Version 'npm' not found - try `nvm ls-remote` to browse available versions.

br388313@C02FJ2JKMD6M: ~/bin/template/typescript/vite-start (master *+$%|u=)$ nvm install v22.14. 
0
Downloading and installing node v22.14.0...
Downloading https://nodejs.org/dist/v22.14.0/node-v22.14.0-darwin-x64.tar.xz...
#=#=#                                                                          

                                                                           0.0%
##                                                                         3.0%
###########                                                               16.5%
####################                                                      28.0%
######################                                                    31.8%
###############################                                           43.6%
########################################                                  55.9%
###################################################                       71.3%
########################################################                  77.9%
##################################################################        91.9%
#######################################################################  100.0%
######################################################################## 100.0%
Computing checksum with sha256sum
Checksums matched!
Now using node v22.14.0 (npm v10.9.2)

br388313@C02FJ2JKMD6M: ~/bin/template/typescript/vite-start (master *+$%|u=)$ node --version
v22.14.0

br388313@C02FJ2JKMD6M: ~/bin/template/typescript/vite-start (master *+$%|u=)$ npm --version
10.9.2



br388313@C02FJ2JKMD6M: ~/bin/template/typescript/vite-start (master *+$%|u=)$ npm install pnpm


⠙

npm warn old lockfile
npm warn old lockfile The package-lock.json file was created with an old version of npm,
npm warn old lockfile so supplemental metadata must be fetched from the registry.
npm warn old lockfile
npm warn old lockfile This is a one-time fix-up, please be patient...
npm warn old lockfile


⠙

⠹

⠸

⠼

⠴

⠦

⠧

⠇

⠏

⠋

⠙

⠹

⠸

⠼

⠴

⠦

npm warn deprecated glob@7.1.3: Glob versions prior to v9 are no longer supported


⠦

npm warn deprecated mkdirp@0.5.1: Legacy versions of mkdirp are no longer supported. Please update to mkdirp 1.x. (Note that the API surface has changed to use Promises in 1.x.)


⠧

⠇

⠏

⠋

⠙

⠹

⠸

⠼

⠴

⠦

⠧

⠇

⠏

⠋

⠙
added 2 packages, removed 1 package, changed 10 packages, and audited 39 packages in 3s


⠙


⠙

1 package is looking for funding


⠙

  run `npm fund` for details


⠙
4 vulnerabilities (2 high, 2 critical)

To address all issues, run:
  npm audit fix

Run `npm audit` for details.


⠙


br388313@C02FJ2JKMD6M: ~/bin/template/typescript/vite-start (master *+$%|u=)$ ls
README.md		first-install.log

br388313@C02FJ2JKMD6M: ~/bin/template/typescript/vite-start (master *+$%|u=)$ gsm
On branch master
Your branch is up to date with 'origin/master'.

Changes to be committed:
  (use "git restore --staged <file>..." to unstage)
	new file:   README.md

Changes not staged for commit:
  (use "git add <file>..." to update what will be committed)
  (use "git restore <file>..." to discard changes in working directory)
	modified:   ../../../package-lock.json
	modified:   ../../../package.json
	modified:   README.md


br388313@C02FJ2JKMD6M: ~/bin/template/typescript/vite-start (master *+$%|u=)$ git restore ../../. 
./package*.json

br388313@C02FJ2JKMD6M: ~/bin/template/typescript/vite-start (master *+$%|u=)$ ls
README.md		first-install.log

br388313@C02FJ2JKMD6M: ~/bin/template/typescript/vite-start (master *+$%|u=)$ npm init


⠙

This utility will walk you through creating a package.json file.
It only covers the most common items, and tries to guess sensible defaults.

See `npm help init` for definitive documentation on these fields
and exactly what they do.

Use `npm install <pkg>` afterwards to install a package and
save it as a dependency in the package.json file.

Press ^C at any time to quit.


⠙


package name: (vite-start)


version: (1.0.0)


description: 
A f

description: A 


description: A


description: 
Vite 

description: Vite


description: Vit


description: Vi


description: V


description: 
setting up a n initial Vite REact

description: setting up a n initial Vite REac


description: setting up a n initial Vite REa


description: setting up a n initial Vite RE


description: setting up a n initial Vite R
eact Typescript proje t

description: setting up a n initial Vite React Typescript proje 


description: setting up a n initial Vite React Typescript proje
ct


entry point: (index.js)


test command:


git repository:


keywords: 
vite react typescript setup


author: 
Brent S.A. 

author: Brent S.A.
 Cowgill


license: (ISC)
About to write to /Users/br388313/workspace/play/bsac-linux-cfg/bin/template/typescript/vite-start/package.json:

{
  "name": "vite-start",
  "version": "1.0.0",
  "description": "setting up a n initial Vite React Typescript project",
  "main": "index.js",
  "scripts": {
    "test": "echo \"Error: no test specified\" && exit 1"
  },
  "keywords": [
    "vite",
    "react",
    "typescript",
    "setup"
  ],
  "author": "Brent S.A. Cowgill",
  "license": "ISC"
}




Is this OK? (yes) 
yes



⠙


br388313@C02FJ2JKMD6M: ~/bin/template/typescript/vite-start (master *+$%|u=)$ ls
README.md		first-install.log	package.json
ga
br388313@C02FJ2JKMD6M: ~/bin/template/typescript/vite-start (master *+$%|u=)$ ga package.json

br388313@C02FJ2JKMD6M: ~/bin/template/typescript/vite-start (master *+$%|u=)$ gsm
On branch master
Your branch is up to date with 'origin/master'.

Changes to be committed:
  (use "git restore --staged <file>..." to unstage)
	new file:   README.md
	new file:   package.json

Changes not staged for commit:
  (use "git add <file>..." to update what will be committed)
  (use "git restore <file>..." to discard changes in working directory)
	modified:   README.md


br388313@C02FJ2JKMD6M: ~/bin/template/typescript/vite-start (master *+$%|u=)$ ga first-install.log
g

br388313@C02FJ2JKMD6M: ~/bin/template/typescript/vite-start (master *+$%|u=)$ node --version >> R 
EADME.md

br388313@C02FJ2JKMD6M: ~/bin/template/typescript/vite-start (master *+$%|u=)$ npm --version >> RE 
ADME.md

br388313@C02FJ2JKMD6M: ~/bin/template/typescript/vite-start (master *+$%|u=)$ npm create vite@lat 
est


⠙

⠹

⠸

⠼
> vite-start@1.0.0 npx
> create-vite



⠼

│
◆  Project name:
│  vite-project
└



│  v█


│  vi█


│  vit█


│  vite█


│  vite-█


│  vite-s█


│  vite-st█


│  vite-sta█


│  vite-star█


│  vite-start█


◇  Project name:
│  vite-start
│
◆  Select a framework:
│  ● Vanilla
│  ○ Vue
│  ○ React
│  ○ Preact
│  ○ Lit
│  ○ Svelte
│  ○ Solid
│  ○ Qwik
│  ○ Angular
│  ○ Others
└



│  ○ Vanilla
│  ● Vue
│  ○ React
│  ○ Preact
│  ○ Lit
│  ○ Svelte
│  ○ Solid
│  ○ Qwik
│  ○ Angular
│  ○ Others
└



│  ○ Vue
│  ● React
│  ○ Preact
│  ○ Lit
│  ○ Svelte
│  ○ Solid
│  ○ Qwik
│  ○ Angular
│  ○ Others
└



│  ○ React
│  ● Preact
│  ○ Lit
│  ○ Svelte
│  ○ Solid
│  ○ Qwik
│  ○ Angular
│  ○ Others
└



│  ● React
│  ○ Preact
│  ○ Lit
│  ○ Svelte
│  ○ Solid
│  ○ Qwik
│  ○ Angular
│  ○ Others
└



◇  Select a framework:
│  React
│
◆  Select a variant:
│  ● TypeScript
│  ○ TypeScript + SWC
│  ○ JavaScript
│  ○ JavaScript + SWC
│  ○ React Router v7 ↗
└



│  ○ TypeScript
│  ● TypeScript + SWC
│  ○ JavaScript
│  ○ JavaScript + SWC
│  ○ React Router v7 ↗
└



◇  Select a variant:
│  TypeScript + SWC
│
◇  Scaffolding project in /Users/br388313/workspace/play/bsac-linux-cfg/bin/template/typescript/vite-start/vite-start...
│
└  Done. Now run:

  cd vite-start
  npm install
  npm run dev



⠙


br388313@C02FJ2JKMD6M: ~/bin/template/typescript/vite-start (master *+$%|u=)$ cd vite-start/

br388313@C02FJ2JKMD6M: ~/bin/template/typescript/vite-start/vite-start (master *+$%|u=)$ npm inst 
all


⠙

⠹

⠸

⠼

⠴

⠦

⠧

⠇

⠏

⠋

⠙

⠹

⠸

⠼

⠴

⠦

⠧

⠇

⠏

⠋

⠙

⠹

⠸

⠼

⠴

⠦

⠧

⠇

⠏

⠋

⠙

⠹

⠸

⠼

⠴

⠦

⠧

⠇

⠏

⠋

⠙

⠹

⠸

⠼

⠴

⠦

⠧

⠇

⠏

⠋

⠙

⠹

⠸

⠼

⠴

⠦

⠧

⠇

⠏

⠋

⠙

⠹

⠸

⠼

⠴

⠦

⠧

⠇

⠏

⠋

⠙

⠹

⠸

⠼

⠴

⠦

⠧

⠇

⠏

⠋

⠙

⠹

⠸

⠼

⠴

⠦

⠧

⠇

⠏

⠋

⠙

⠹

⠸

⠼

⠴

⠦

⠧

⠇

⠏

⠋

⠙

⠹

⠸

⠼

⠴

⠦

⠧

⠇

⠏

⠋

⠙

⠹

⠸

⠼

⠴

⠦

⠧

⠇

⠏

⠋

⠙

⠹

⠸

⠼

⠴

⠦

⠧

⠇

⠏

⠋

⠙

⠹

⠸

⠼

⠴

⠦

⠧

⠇

⠏

⠋

⠙

⠹

⠸

⠼

⠴

⠦

⠧

⠇

⠏

⠋

⠙

⠹

⠸

⠼

⠴

⠦

⠧

⠇

⠏

⠋

⠙

⠹

⠸

⠼

⠴

⠦

⠧

⠇

⠏

⠋

⠙

⠹

⠸

⠼

⠴

⠦

⠧

⠇

⠏

⠋

⠙

⠹

⠸

⠼

⠴

⠦

⠧

⠇

⠏

⠋

⠙

⠹

⠸

⠼

⠴

⠦

⠧

⠇

⠏

⠋

⠙

⠹

⠸

⠼

⠴

⠦

⠧

⠇

⠏

⠋

⠙

⠹

⠸

⠼

⠴

⠦

⠧

⠇

⠏

⠋

⠙

⠹

⠸

⠼

⠴

⠦

⠧

⠇

⠏

⠋

⠙

⠹

⠸

⠼

⠴

⠦

⠧

⠇

⠏

⠋

⠙

⠹

⠸

⠼

⠴

⠦

⠧

⠇

⠏

⠋

⠙

⠹

⠸

⠼

added 140 packages, and audited 141 packages in 23s





40 packages are looking for funding



  run `npm fund` for details


found 0 vulnerabilities




br388313@C02FJ2JKMD6M: ~/bin/template/typescript/vite-start/vite-start (master *+$%|u=)$ npm run  
dev

> vite-start@0.0.0 dev
> vite










































  VITE v6.2.1  ready in 809 ms

  ➜  Local:   http://localhost:5173/
  ➜  Network: use --host to expose
  ➜  press h + enter to show help
h

  Shortcuts
  press r + enter to restart the server
  press u + enter to show server url
  press o + enter to open in browser
  press c + enter to clear console
  press q + enter to quit
o
q




br388313@C02FJ2JKMD6M: ~/bin/template/typescript/vite-start/vite-start (master *+$%|u=)$ ls
README.md		package-lock.json	tsconfig.app.json
eslint.config.js	package.json		tsconfig.json
index.html		public			tsconfig.node.json
node_modules		src			vite.config.ts

br388313@C02FJ2JKMD6M: ~/bin/template/typescript/vite-start/vite-start (master *+$%|u=)$ less esl 
int.config.js
=
import js from '@eslint/js'
import globals from 'globals'
import reactHooks from 'eslint-plugin-react-hooks'
import reactRefresh from 'eslint-plugin-react-refresh'
import tseslint from 'typescript-eslint'

export default tseslint.config(
  { ignores: ['dist'] },
  {
    extends: [js.configs.recommended, ...tseslint.configs.recommended],
    files: ['**/*.{ts,tsx}'],
    languageOptions: {
      ecmaVersion: 2020,
      globals: globals.browser,
    },
    plugins: {
      'react-hooks': reactHooks,
      'react-refresh': reactRefresh,
    },
    rules: {
      ...reactHooks.configs.recommended.rules,
      'react-refresh/only-export-components': [
        'warn',
        { allowConstantExport: true },
      ],
    },
  },
)
eslint.config.js (END)

>
br388313@C02FJ2JKMD6M: ~/bin/template/typescript/vite-start/vite-start (master *+$%|u=)$ exit
exit

Script done on Tue Mar 11 11:39:37 2025
