Sun  7 Apr 2024 17:00:21 BST



> playwright@1.0.0 devices
> npx playwright test --project=GoogleChrome --grep @devices

PLAYWRIGHT TESTS RUNNING as: brand against http://localhost:58008 timeout= 
J_HOME:   /b/#/?req=HM


You need to be running the App with 'yarn start:all' with brand=brand or process.env.ALL[=undefined]
is in use.



Running 2 tests using 2 workers


PLAYWRIGHT TESTS RUNNING as: brand against http://localhost:58008 timeout= 


PLAYWRIGHT TESTS RUNNING as: brand against http://localhost:58008 timeout= 


[1/2] [GoogleChrome] › debug.spec.js:148:3 › describe webkit only @devices
› get started @link

[2/2] [GoogleChrome] › debug.spec.js:140:3 › describe webkit only @devices
› has @title

[GoogleChrome] › debug.spec.js:148:3 › describe webkit only @devices › get
started @link
test.skip params: {
  browserName: 'chromium',
  defaultBrowserType: 'chromium',
  channel: 'chrome',
  userAgent: 'Mozilla/5.0 (Windows NT 10.0; Win64; x64) AppleWebKit/537.36 (KHTML,
like Gecko) Chrome/123.0.6312.4 Safari/537.36',
  locale: 'en-GB',
  colorScheme: 'light',
  offline: false,
  headless: true,
  isMobile: false,
  hasTouch: false,
  javaScriptEnabled: true,
  acceptDownloads: true,
  ignoreHTTPSErrors: false,
  bypassCSP: false,
  testIdAttribute: 'data-testid',
  screenshot: 'on',
  video: 'on-first-retry',
  trace: 'on-first-retry',
  serviceWorkers: 'allow',
  viewport: { width: 1280, height: 720 },
  deviceScaleFactor: 1,
  actionTimeout: 0,
  navigationTimeout: 0,
  timezoneId: 'Europe/London',
  geolocation: { latitude: 51.487395, longitude: 0 },
  baseURL: 'http://localhost:58008',
  proxy: undefined,
  connectOptions: undefined,
  httpCredentials: undefined,
  extraHTTPHeaders: undefined,
  permissions: [ 'geolocation' ],
  storageState: undefined,
  launchOptions: { slowMo: 0 },
  contextOptions: {},
  'playwright.devices': [
    'BlackBerry Z30 landscape: 640x360 scale 2[1280X720]',
    'BlackBerry Z30: 360x640 scale 2[720X1280]',
    'Blackberry PlayBook landscape: 1024x600 scale 1[1024X600]',
    'Blackberry PlayBook: 600x1024 scale 1[600X1024]',
    'Desktop Chrome HiDPI: 1280x720 scale 2[2560X1440]',
    'Desktop Chrome: 1280x720 scale 1[1280X720]',
    'Desktop Edge HiDPI: 1280x720 scale 2[2560X1440]',
    'Desktop Edge: 1280x720 scale 1[1280X720]',
    'Desktop Firefox HiDPI: 1280x720 scale 2[2560X1440]',
    'Desktop Firefox: 1280x720 scale 1[1280X720]',
    'Desktop Safari: 1280x720 scale 2[2560X1440]',
    'Galaxy Note 3 landscape: 640x360 scale 3[1920X1080]',
    'Galaxy Note 3: 360x640 scale 3[1080X1920]',
    'Galaxy Note II landscape: 640x360 scale 2[1280X720]',
    'Galaxy Note II: 360x640 scale 2[720X1280]',
    'Galaxy S III landscape: 640x360 scale 2[1280X720]',
    'Galaxy S III: 360x640 scale 2[720X1280]',
    'Galaxy S5 landscape: 640x360 scale 3[1920X1080]',
    'Galaxy S5: 360x640 scale 3[1080X1920]',
    'Galaxy S8 landscape: 740x360 scale 3[2220X1080]',
    'Galaxy S8: 360x740 scale 3[1080X2220]',
    'Galaxy S9+ landscape: 658x320 scale 4.5[2961X1440]',
    'Galaxy S9+: 320x658 scale 4.5[1440X2961]',
    'Galaxy Tab S4 landscape: 1138x712 scale 2.25[2560.5X1602]',
    'Galaxy Tab S4: 712x1138 scale 2.25[1602X2560.5]',
    'Kindle Fire HDX landscape: 1280x800 scale 2[2560X1600]',
    'Kindle Fire HDX: 800x1280 scale 2[1600X2560]',
    'LG Optimus L70 landscape: 640x384 scale 1.25[800X480]',
    'LG Optimus L70: 384x640 scale 1.25[480X800]',
    'Microsoft Lumia 550 landscape: 360x640 scale 2[720X1280]',
    'Microsoft Lumia 550: 640x360 scale 2[1280X720]',
    'Microsoft Lumia 950 landscape: 640x360 scale 4[2560X1440]',
    'Microsoft Lumia 950: 360x640 scale 4[1440X2560]',
    'Moto G4 landscape: 640x360 scale 3[1920X1080]',
    'Moto G4: 360x640 scale 3[1080X1920]',
    'Nexus 10 landscape: 1280x800 scale 2[2560X1600]',
    'Nexus 10: 800x1280 scale 2[1600X2560]',
    'Nexus 4 landscape: 640x384 scale 2[1280X768]',
    'Nexus 4: 384x640 scale 2[768X1280]',
    'Nexus 5 landscape: 640x360 scale 3[1920X1080]',
    'Nexus 5: 360x640 scale 3[1080X1920]',
    'Nexus 5X landscape: 732x412 scale 2.625[1921.5X1081.5]',
    'Nexus 5X: 412x732 scale 2.625[1081.5X1921.5]',
    'Nexus 6 landscape: 732x412 scale 3.5[2562X1442]',
    'Nexus 6: 412x732 scale 3.5[1442X2562]',
    'Nexus 6P landscape: 732x412 scale 3.5[2562X1442]',
    'Nexus 6P: 412x732 scale 3.5[1442X2562]',
    'Nexus 7 landscape: 960x600 scale 2[1920X1200]',
    'Nexus 7: 600x960 scale 2[1200X1920]',
    'Nokia Lumia 520 landscape: 533x320 scale 1.5[799.5X480]',
    'Nokia Lumia 520: 320x533 scale 1.5[480X799.5]',
    'Nokia N9 landscape: 854x480 scale 1[854X480]',
    'Nokia N9: 480x854 scale 1[480X854]',
    'Pixel 2 XL landscape: 823x411 scale 3.5[2880.5X1438.5]',
    'Pixel 2 XL: 411x823 scale 3.5[1438.5X2880.5]',
    'Pixel 2 landscape: 731x411 scale 2.625[1918.875X1078.875]',
    'Pixel 2: 411x731 scale 2.625[1078.875X1918.875]',
    'Pixel 3 landscape: 786x393 scale 2.75[2161.5X1080.75]',
    'Pixel 3: 393x786 scale 2.75[1080.75X2161.5]',
    'Pixel 4 landscape: 745x353 scale 3[2235X1059]',
    'Pixel 4: 353x745 scale 3[1059X2235]',
    'Pixel 4a (5G) landscape: 840x312 scale 2.63[2209.2X820.56]',
    'Pixel 4a (5G): 412x765 scale 2.63[1083.56X2011.9499999999998]',
    'Pixel 5 landscape: 802x293 scale 2.75[2205.5X805.75]',
    'Pixel 5: 393x727 scale 2.75[1080.75X1999.25]',
    'Pixel 7 landscape: 863x360 scale 2.625[2265.375X945]',
    'Pixel 7: 412x839 scale 2.625[1081.5X2202.375]',
    'iPad (gen 5) landscape: 1024x768 scale 2[2048X1536]',
    'iPad (gen 5): 768x1024 scale 2[1536X2048]',
    'iPad (gen 6) landscape: 1024x768 scale 2[2048X1536]',
    'iPad (gen 6): 768x1024 scale 2[1536X2048]',
    'iPad (gen 7) landscape: 1080x810 scale 2[2160X1620]',
    'iPad (gen 7): 810x1080 scale 2[1620X2160]',
    'iPad Mini landscape: 1024x768 scale 2[2048X1536]',
    'iPad Mini: 768x1024 scale 2[1536X2048]',
    'iPad Pro 11 landscape: 1194x834 scale 2[2388X1668]',
    'iPad Pro 11: 834x1194 scale 2[1668X2388]',
    'iPhone 11 Pro Max landscape: 808x364 scale 3[2424X1092]',
    'iPhone 11 Pro Max: 414x715 scale 3[1242X2145]',
    'iPhone 11 Pro landscape: 724x325 scale 3[2172X975]',
    'iPhone 11 Pro: 375x635 scale 3[1125X1905]',
    'iPhone 11 landscape: 800x364 scale 2[1600X728]',
    'iPhone 11: 414x715 scale 2[828X1430]',
    'iPhone 12 Mini landscape: 712x325 scale 3[2136X975]',
    'iPhone 12 Mini: 375x629 scale 3[1125X1887]',
    'iPhone 12 Pro Max landscape: 832x378 scale 3[2496X1134]',
    'iPhone 12 Pro Max: 428x746 scale 3[1284X2238]',
    'iPhone 12 Pro landscape: 750x340 scale 3[2250X1020]',
    'iPhone 12 Pro: 390x664 scale 3[1170X1992]',
    'iPhone 12 landscape: 750x340 scale 3[2250X1020]',
    'iPhone 12: 390x664 scale 3[1170X1992]',
    'iPhone 13 Mini landscape: 712x327 scale 3[2136X981]',
    'iPhone 13 Mini: 375x629 scale 3[1125X1887]',
    'iPhone 13 Pro Max landscape: 832x380 scale 3[2496X1140]',
    'iPhone 13 Pro Max: 428x746 scale 3[1284X2238]',
    'iPhone 13 Pro landscape: 750x342 scale 3[2250X1026]',
    'iPhone 13 Pro: 390x664 scale 3[1170X1992]',
    'iPhone 13 landscape: 750x342 scale 3[2250X1026]',
    'iPhone 13: 390x664 scale 3[1170X1992]',
    'iPhone 14 Plus landscape: 832x378 scale 3[2496X1134]',
    ... 25 more items
  ]
}


[GoogleChrome] › debug.spec.js:140:3 › describe webkit only @devices › has
@title
test.skip params: {
  browserName: 'chromium',
  defaultBrowserType: 'chromium',
  channel: 'chrome',
  userAgent: 'Mozilla/5.0 (Windows NT 10.0; Win64; x64) AppleWebKit/537.36 (KHTML,
like Gecko) Chrome/123.0.6312.4 Safari/537.36',
  locale: 'en-GB',
  colorScheme: 'light',
  offline: false,
  headless: true,
  isMobile: false,
  hasTouch: false,
  javaScriptEnabled: true,
  acceptDownloads: true,
  ignoreHTTPSErrors: false,
  bypassCSP: false,
  testIdAttribute: 'data-testid',
  screenshot: 'on',
  video: 'on-first-retry',
  trace: 'on-first-retry',
  serviceWorkers: 'allow',
  viewport: { width: 1280, height: 720 },
  deviceScaleFactor: 1,
  actionTimeout: 0,
  navigationTimeout: 0,
  timezoneId: 'Europe/London',
  geolocation: { latitude: 51.487395, longitude: 0 },
  baseURL: 'http://localhost:58008',
  proxy: undefined,
  connectOptions: undefined,
  httpCredentials: undefined,
  extraHTTPHeaders: undefined,
  permissions: [ 'geolocation' ],
  storageState: undefined,
  launchOptions: { slowMo: 0 },
  contextOptions: {},
  'playwright.devices': [
    'BlackBerry Z30 landscape: 640x360 scale 2[1280X720]',
    'BlackBerry Z30: 360x640 scale 2[720X1280]',
    'Blackberry PlayBook landscape: 1024x600 scale 1[1024X600]',
    'Blackberry PlayBook: 600x1024 scale 1[600X1024]',
    'Desktop Chrome HiDPI: 1280x720 scale 2[2560X1440]',
    'Desktop Chrome: 1280x720 scale 1[1280X720]',
    'Desktop Edge HiDPI: 1280x720 scale 2[2560X1440]',
    'Desktop Edge: 1280x720 scale 1[1280X720]',
    'Desktop Firefox HiDPI: 1280x720 scale 2[2560X1440]',
    'Desktop Firefox: 1280x720 scale 1[1280X720]',
    'Desktop Safari: 1280x720 scale 2[2560X1440]',
    'Galaxy Note 3 landscape: 640x360 scale 3[1920X1080]',
    'Galaxy Note 3: 360x640 scale 3[1080X1920]',
    'Galaxy Note II landscape: 640x360 scale 2[1280X720]',
    'Galaxy Note II: 360x640 scale 2[720X1280]',
    'Galaxy S III landscape: 640x360 scale 2[1280X720]',
    'Galaxy S III: 360x640 scale 2[720X1280]',
    'Galaxy S5 landscape: 640x360 scale 3[1920X1080]',
    'Galaxy S5: 360x640 scale 3[1080X1920]',
    'Galaxy S8 landscape: 740x360 scale 3[2220X1080]',
    'Galaxy S8: 360x740 scale 3[1080X2220]',
    'Galaxy S9+ landscape: 658x320 scale 4.5[2961X1440]',
    'Galaxy S9+: 320x658 scale 4.5[1440X2961]',
    'Galaxy Tab S4 landscape: 1138x712 scale 2.25[2560.5X1602]',
    'Galaxy Tab S4: 712x1138 scale 2.25[1602X2560.5]',
    'Kindle Fire HDX landscape: 1280x800 scale 2[2560X1600]',
    'Kindle Fire HDX: 800x1280 scale 2[1600X2560]',
    'LG Optimus L70 landscape: 640x384 scale 1.25[800X480]',
    'LG Optimus L70: 384x640 scale 1.25[480X800]',
    'Microsoft Lumia 550 landscape: 360x640 scale 2[720X1280]',
    'Microsoft Lumia 550: 640x360 scale 2[1280X720]',
    'Microsoft Lumia 950 landscape: 640x360 scale 4[2560X1440]',
    'Microsoft Lumia 950: 360x640 scale 4[1440X2560]',
    'Moto G4 landscape: 640x360 scale 3[1920X1080]',
    'Moto G4: 360x640 scale 3[1080X1920]',
    'Nexus 10 landscape: 1280x800 scale 2[2560X1600]',
    'Nexus 10: 800x1280 scale 2[1600X2560]',
    'Nexus 4 landscape: 640x384 scale 2[1280X768]',
    'Nexus 4: 384x640 scale 2[768X1280]',
    'Nexus 5 landscape: 640x360 scale 3[1920X1080]',
    'Nexus 5: 360x640 scale 3[1080X1920]',
    'Nexus 5X landscape: 732x412 scale 2.625[1921.5X1081.5]',
    'Nexus 5X: 412x732 scale 2.625[1081.5X1921.5]',
    'Nexus 6 landscape: 732x412 scale 3.5[2562X1442]',
    'Nexus 6: 412x732 scale 3.5[1442X2562]',
    'Nexus 6P landscape: 732x412 scale 3.5[2562X1442]',
    'Nexus 6P: 412x732 scale 3.5[1442X2562]',
    'Nexus 7 landscape: 960x600 scale 2[1920X1200]',
    'Nexus 7: 600x960 scale 2[1200X1920]',
    'Nokia Lumia 520 landscape: 533x320 scale 1.5[799.5X480]',
    'Nokia Lumia 520: 320x533 scale 1.5[480X799.5]',
    'Nokia N9 landscape: 854x480 scale 1[854X480]',
    'Nokia N9: 480x854 scale 1[480X854]',
    'Pixel 2 XL landscape: 823x411 scale 3.5[2880.5X1438.5]',
    'Pixel 2 XL: 411x823 scale 3.5[1438.5X2880.5]',
    'Pixel 2 landscape: 731x411 scale 2.625[1918.875X1078.875]',
    'Pixel 2: 411x731 scale 2.625[1078.875X1918.875]',
    'Pixel 3 landscape: 786x393 scale 2.75[2161.5X1080.75]',
    'Pixel 3: 393x786 scale 2.75[1080.75X2161.5]',
    'Pixel 4 landscape: 745x353 scale 3[2235X1059]',
    'Pixel 4: 353x745 scale 3[1059X2235]',
    'Pixel 4a (5G) landscape: 840x312 scale 2.63[2209.2X820.56]',
    'Pixel 4a (5G): 412x765 scale 2.63[1083.56X2011.9499999999998]',
    'Pixel 5 landscape: 802x293 scale 2.75[2205.5X805.75]',
    'Pixel 5: 393x727 scale 2.75[1080.75X1999.25]',
    'Pixel 7 landscape: 863x360 scale 2.625[2265.375X945]',
    'Pixel 7: 412x839 scale 2.625[1081.5X2202.375]',
    'iPad (gen 5) landscape: 1024x768 scale 2[2048X1536]',
    'iPad (gen 5): 768x1024 scale 2[1536X2048]',
    'iPad (gen 6) landscape: 1024x768 scale 2[2048X1536]',
    'iPad (gen 6): 768x1024 scale 2[1536X2048]',
    'iPad (gen 7) landscape: 1080x810 scale 2[2160X1620]',
    'iPad (gen 7): 810x1080 scale 2[1620X2160]',
    'iPad Mini landscape: 1024x768 scale 2[2048X1536]',
    'iPad Mini: 768x1024 scale 2[1536X2048]',
    'iPad Pro 11 landscape: 1194x834 scale 2[2388X1668]',
    'iPad Pro 11: 834x1194 scale 2[1668X2388]',
    'iPhone 11 Pro Max landscape: 808x364 scale 3[2424X1092]',
    'iPhone 11 Pro Max: 414x715 scale 3[1242X2145]',
    'iPhone 11 Pro landscape: 724x325 scale 3[2172X975]',
    'iPhone 11 Pro: 375x635 scale 3[1125X1905]',
    'iPhone 11 landscape: 800x364 scale 2[1600X728]',
    'iPhone 11: 414x715 scale 2[828X1430]',
    'iPhone 12 Mini landscape: 712x325 scale 3[2136X975]',
    'iPhone 12 Mini: 375x629 scale 3[1125X1887]',
    'iPhone 12 Pro Max landscape: 832x378 scale 3[2496X1134]',
    'iPhone 12 Pro Max: 428x746 scale 3[1284X2238]',
    'iPhone 12 Pro landscape: 750x340 scale 3[2250X1020]',
    'iPhone 12 Pro: 390x664 scale 3[1170X1992]',
    'iPhone 12 landscape: 750x340 scale 3[2250X1020]',
    'iPhone 12: 390x664 scale 3[1170X1992]',
    'iPhone 13 Mini landscape: 712x327 scale 3[2136X981]',
    'iPhone 13 Mini: 375x629 scale 3[1125X1887]',
    'iPhone 13 Pro Max landscape: 832x380 scale 3[2496X1140]',
    'iPhone 13 Pro Max: 428x746 scale 3[1284X2238]',
    'iPhone 13 Pro landscape: 750x342 scale 3[2250X1026]',
    'iPhone 13 Pro: 390x664 scale 3[1170X1992]',
    'iPhone 13 landscape: 750x342 scale 3[2250X1026]',
    'iPhone 13: 390x664 scale 3[1170X1992]',
    'iPhone 14 Plus landscape: 832x378 scale 3[2496X1134]',
    ... 25 more items
  ]
}


  2 skipped

To open last HTML report run:

  npx playwright show-report

Sun  7 Apr 2024 17:00:26 BST

Elapsed: 5 seconds
