65966141e5aa8dc7efaab4d360ebff04  tx/c/d/bin/calc.sh
7e795e8d7b41fa6adf7a32f2dac061d6  tx/c/d/bin/cover-one.sh
e6c57ce4f34f37cccf74919e72ed6ce4  tx/c/d/bin/datestamp.sh
9c6cb88a02429f91ff2cef79efc6dd1d  tx/c/d/bin/filter-script.pl
4fd79bea3519a65fb84bb526275da28f  tx/c/d/bin/filter-url.pl
dbc8b0fa0d2952b3f5208b57e620ddd8  tx/c/d/bin/filter-whitespace.pl
03cb2de89e3c1ae144247411fc86a13b  tx/c/d/bin/find-bak.sh
419ea9dc1cf649b5af481f3e4f284691  tx/c/d/bin/fix-spaces.sh
4dd6f5e6034ef136e2a1a99021d1c54a  tx/c/d/bin/fix-tabs.sh
e26095cba0a7ead03d0ac86fa0590c34  tx/c/d/bin/git-fetch-pull-request.sh
084bcd0fdcbaaa82a32e4abaafcab723  tx/c/d/bin/git-new-branch.sh
ae912603c34c02ad016d445784705af5  tx/c/d/bin/git-rebase.sh
12b3171b61ee4db41e674787355b091f  tx/c/d/bin/git-slay-branch.sh
1193fc01010b1eaf59b5a0b7a9a2d76e  tx/c/d/bin/glad.sh
80d0c493a8130221dc513a0dcd47a28c  tx/c/d/bin/grep-lint.sh
dd192882e7f350dfb481ad01b5971983  tx/c/d/bin/grep-vim.sh
f352abf5004efd0754a02f9abc447511  tx/c/d/bin/ls-tabs.pl
2d3c8b90c6c0ec60a776d6fd89d5320f  tx/c/d/bin/mad.sh
1d1032273ec5192c150ae8a2402865c7  tx/c/d/bin/md5sum.sh
119145aa148d9cb14c900370ce7eddcd  tx/c/d/bin/pee.pl
5cc09db912ebf04058fe3719d195a2ce  tx/c/d/bin/pswide.sh
fa30f09a96cf3e67352eb1e75c9f7519  tx/c/d/bin/replace.sh
99881a4eff6e54231a42e3761c5c7b50  tx/c/d/bin/sad.sh
c36512237d6821f3d9ccf150c02e64f5  tx/c/d/bin/slay.sh
a6cef52fe3c7e41ff96145ac7d633227  tx/c/d/bin/srep.sh
70b149b9cba2ce0fc18de5be7c669a2f  tx/c/d/bin/task.sh
156162e97c47bf8d1b3689ed9a453a30  tx/c/d/bin/test-one.sh
0a3270e819c2950d50f4ea771fa2c913  tx/c/d/bin/waste.sh
ab993d9bd0be45acf03ce1548d5c43eb  tx/c/d/bin/webserver.sh
08cf293849318921e7965d85030e289d  tx/c/d/bin/xvdiff.sh
a565634605ed9e4f4ea34ab8293cbcbd  tx/c/Users/FILEID/.bash_aliases
ee6bb991de53b138af8fb4d35c924dfe  tx/c/Users/FILEID/.bash_functions
b3fbc401e2c830cc448a67923b70748e  tx/c/Users/FILEID/.bash_profile
f8a178ec5ab35fa25adf9062024e9cec  tx/c/Users/FILEID/.bashrc
c2d4f8f4726bf0ac952087bd6151067f  tx/c/Users/FILEID/bin/clean.sh
7007e4a0faef1f322bbc422d8f7b8be7  tx/c/Users/FILEID/bin/kill-ws.sh
a353b39332938c43bd9d423db25d698c  tx/c/Users/FILEID/bin/rvdiff.sh
4e6df3bab740cbba9baa1bb6ab22f6b6  tx/c/Users/FILEID/bin/see.sh
c971aa8ef7c634e7ee31d7509e293cf4  tx/c/Users/FILEID/bin/vdiff.sh
2759c35794c6bb7db3c9ffc6f495dfd0  tx/c/Users/FILEID/git-aliases.sh
13b527b403ddc9ba22263f29db71db22  tx/c/Users/FILEID/.gitconfig
540df4f5335dd0cfc19a4f3ba80fa0de  tx/c/Users/FILEID/.gitk
04f17f4b4bbcb6253a4f88a3b5172f3e  tx/c/Users/FILEID/kdiff3.config
afbff9a9ce40c585e4c692ecad5a3b01  tx/c/Users/FILEID/.lesshst
a5924f78304c1b3a5beb1bd19e27a4c5  tx/c/Users/FILEID/md5sum.lst
1ed57ab49c96c1bb95b1a2c37cf974e9  tx/c/Users/FILEID/.minttyrc
