calc.sh
check-code.sh
cover-one.sh
datestamp.sh
filter-bak.sh
filter-built-files.sh
filter-code-files.sh
filter-configs.sh
filter-coverage.sh
filter-css.sh
filter-fonts.sh
filter-indents.sh
filter-json-commas.sh
filter-long.sh
filter-min.sh
filter-newlines.pl
filter-osfiles.sh
filter-punct.sh
filter-script.pl
filter-scripts.sh
filter-source.sh
filter-text.sh
filter-url.pl
filter-web.sh
filter-whitespace.pl
filter-zips.sh
find-bak.sh
fix-spaces.sh
fix-tabs.sh
git-fetch-pull-request.sh
git-new-branch.sh
git-rebase.sh
git-slay-branch.sh
glad.sh
grep-lint.sh
grep-vim.sh
ls-tabs.pl
mad.sh
md5sum.sh
npm-stars.lst
nyc-dark
pee.pl
playwright
pswide.sh
replace.sh
sad.sh
slay.sh
srep.sh
task.sh
test-one.sh
unicode-sample.sh
waste.sh
webserver.sh
xvdiff.sh
zip64.pl
