  824029 ./node_modules/typescript/lib/lib.dom.d.ts
  572061 ./node_modules/typescript/lib/tsserverlibrary.d.ts
  397172 ./node_modules/typescript/lib/typescript.d.ts
  273796 ./node_modules/typescript/lib/lib.webworker.d.ts
  212836 ./node_modules/typescript/lib/lib.es5.d.ts
  182684 ./node_modules/@types/node/ts4.8/crypto.d.ts
  182684 ./node_modules/@types/node/crypto.d.ts
  176250 ./node_modules/@types/node/ts4.8/fs.d.ts
  176250 ./node_modules/@types/node/fs.d.ts
  125271 ./node_modules/@types/node/ts4.8/inspector.d.ts
  125271 ./node_modules/@types/node/inspector.d.ts
  113870 ./node_modules/@types/node/ts4.8/http2.d.ts
  113870 ./node_modules/@types/node/http2.d.ts
  103213 ./node_modules/@types/node/buffer.d.ts
  103211 ./node_modules/@types/node/ts4.8/buffer.d.ts
   77898 ./node_modules/@types/node/util.d.ts
   77898 ./node_modules/@types/node/ts4.8/util.d.ts
   73471 ./node_modules/@types/node/ts4.8/http.d.ts
   73471 ./node_modules/@types/node/http.d.ts
   73088 ./node_modules/@types/node/ts4.8/process.d.ts
   73088 ./node_modules/@types/node/process.d.ts
   67558 ./node_modules/@types/node/stream.d.ts
   67557 ./node_modules/@types/node/ts4.8/stream.d.ts
   66379 ./node_modules/@types/node/ts4.8/child_process.d.ts
   66379 ./node_modules/@types/node/child_process.d.ts
   58588 ./node_modules/@swc/core/types.d.ts
   51536 ./node_modules/@types/node/ts4.8/tls.d.ts
   51536 ./node_modules/@types/node/tls.d.ts
   51483 ./node_modules/@types/node/ts4.8/fs/promises.d.ts
   51483 ./node_modules/@types/node/fs/promises.d.ts
   42789 ./node_modules/got/dist/source/core/index.d.ts
   40397 ./node_modules/@types/node/ts4.8/assert.d.ts
   40397 ./node_modules/@types/node/assert.d.ts
   39938 ./node_modules/@types/node/ts4.8/net.d.ts
   39937 ./node_modules/@types/node/net.d.ts
   39498 ./node_modules/@types/node/url.d.ts
   39498 ./node_modules/@types/node/ts4.8/url.d.ts
   35368 ./node_modules/typescript/lib/lib.es2020.bigint.d.ts
   33559 ./node_modules/@types/node/worker_threads.d.ts
   33559 ./node_modules/@types/node/ts4.8/worker_threads.d.ts
   31374 ./node_modules/@types/node/ts4.8/events.d.ts
   31374 ./node_modules/@types/node/events.d.ts
   29700 ./node_modules/@types/node/ts4.8/dns.d.ts
   29700 ./node_modules/@types/node/dns.d.ts
   26727 ./node_modules/@types/node/ts4.8/dgram.d.ts
   26727 ./node_modules/@types/node/dgram.d.ts
   26687 ./node_modules/@types/node/ts4.8/readline.d.ts
   26687 ./node_modules/@types/node/readline.d.ts
   24735 ./node_modules/@types/node/ts4.8/https.d.ts
   24735 ./node_modules/@types/node/https.d.ts
   23845 ./node_modules/@types/node/ts4.8/perf_hooks.d.ts
   23845 ./node_modules/@types/node/perf_hooks.d.ts
   21672 ./node_modules/commander/typings/index.d.ts
   21206 ./node_modules/typescript/lib/lib.es2015.core.d.ts
   21110 ./node_modules/typescript/lib/lib.es2023.array.d.ts
   20996 ./node_modules/typescript/lib/lib.es2020.intl.d.ts
   20977 ./node_modules/@types/node/vm.d.ts
   20977 ./node_modules/@types/node/ts4.8/vm.d.ts
   20935 ./node_modules/@types/node/ts4.8/async_hooks.d.ts
   20935 ./node_modules/@types/node/async_hooks.d.ts
   20363 ./node_modules/@types/node/ts4.8/cluster.d.ts
   20363 ./node_modules/@types/node/cluster.d.ts
   19520 ./node_modules/@types/node/zlib.d.ts
   19520 ./node_modules/@types/node/ts4.8/zlib.d.ts
   19463 ./node_modules/@types/node/ts4.8/repl.d.ts
   19463 ./node_modules/@types/node/repl.d.ts
   18390 ./node_modules/@types/node/ts4.8/test.d.ts
   18390 ./node_modules/@types/node/test.d.ts
   18331 ./node_modules/@types/node/ts4.8/console.d.ts
   18331 ./node_modules/@types/node/console.d.ts
   17674 ./node_modules/bin-version/node_modules/execa/index.d.ts
   17297 ./node_modules/@types/node/ts4.8/os.d.ts
   17297 ./node_modules/@types/node/os.d.ts
   17253 ./node_modules/@swc/core/Visitor.d.ts
   16888 ./node_modules/typescript/lib/lib.dom.iterable.d.ts
   16129 ./node_modules/@types/node/v8.d.ts
   16129 ./node_modules/@types/node/ts4.8/v8.d.ts
   15665 ./node_modules/@types/node/ts4.8/dns/promises.d.ts
   15665 ./node_modules/@types/node/dns/promises.d.ts
   14894 ./node_modules/typescript/lib/lib.es2015.iterable.d.ts
   14604 ./node_modules/@sindresorhus/is/dist/index.d.ts
   14091 ./node_modules/got/dist/source/types.d.ts
   13774 ./node_modules/@types/node/ts4.8/stream/web.d.ts
   13774 ./node_modules/@types/node/stream/web.d.ts
   13289 ./node_modules/source-map/source-map.d.ts
   12574 ./node_modules/typescript/lib/lib.decorators.d.ts
   12134 ./node_modules/typescript/lib/lib.webworker.iterable.d.ts
   10502 ./node_modules/typescript/lib/lib.es2015.symbol.wellknown.d.ts
    9877 ./node_modules/@types/node/tty.d.ts
    9877 ./node_modules/@types/node/ts4.8/tty.d.ts
    9637 ./node_modules/file-type/core.d.ts
    9579 ./node_modules/@types/node/globals.d.ts
    9466 ./node_modules/got/dist/source/as-promise/types.d.ts
    9455 ./node_modules/typescript/lib/lib.scripthost.d.ts
    9272 ./node_modules/@types/node/ts4.8/globals.d.ts
    8738 ./node_modules/safe-buffer/index.d.ts
    8380 ./node_modules/typescript/lib/lib.es2021.intl.d.ts
    7809 ./node_modules/@types/node/ts4.8/domain.d.ts
    7809 ./node_modules/@types/node/domain.d.ts
    7741 ./node_modules/@types/node/ts4.8/path.d.ts
    7741 ./node_modules/@types/node/path.d.ts
    7158 ./node_modules/@types/node/ts4.8/trace_events.d.ts
    7158 ./node_modules/@types/node/trace_events.d.ts
    7051 ./node_modules/@types/node/wasi.d.ts
    7051 ./node_modules/@types/node/ts4.8/wasi.d.ts
    7009 ./node_modules/@types/http-cache-semantics/index.d.ts
    6590 ./node_modules/@types/node/index.d.ts
    6535 ./node_modules/@types/node/ts4.8/querystring.d.ts
    6535 ./node_modules/@types/node/querystring.d.ts
    6495 ./node_modules/typescript/lib/lib.es2015.reflect.d.ts
    6489 ./node_modules/normalize-url/index.d.ts
    6239 ./node_modules/@types/node/ts4.8/readline/promises.d.ts
    6239 ./node_modules/@types/node/readline/promises.d.ts
    6229 ./node_modules/typescript/lib/lib.es2017.sharedmemory.d.ts
    6139 ./node_modules/@types/cacheable-request/index.d.ts
    6052 ./node_modules/@types/node/ts4.8/diagnostics_channel.d.ts
    6052 ./node_modules/@types/node/diagnostics_channel.d.ts
    5565 ./node_modules/typescript/lib/lib.es2022.intl.d.ts
    5521 ./node_modules/@types/node/ts4.8/dom-events.d.ts
    5521 ./node_modules/@types/node/dom-events.d.ts
    5482 ./node_modules/@types/node/ts4.8/punycode.d.ts
    5482 ./node_modules/@types/node/punycode.d.ts
    5253 ./node_modules/typescript/lib/lib.es2015.proxy.d.ts
    5205 ./node_modules/typescript/lib/lib.es2015.collection.d.ts
    5104 ./node_modules/@swc/core/index.d.ts
    4906 ./node_modules/cacheable-lookup/index.d.ts
    4863 ./node_modules/typescript/lib/lib.es2016.array.include.d.ts
    4751 ./node_modules/typescript/lib/lib.es2020.sharedmemory.d.ts
    4632 ./node_modules/p-cancelable/index.d.ts
    4604 ./node_modules/@types/node/ts4.8/timers.d.ts
    4604 ./node_modules/@types/node/timers.d.ts
    4299 ./node_modules/fast-glob/out/settings.d.ts
    4266 ./node_modules/token-types/lib/index.d.ts
    4260 ./node_modules/typescript/lib/lib.es2022.array.d.ts
    4144 ./node_modules/@types/node/ts4.8/module.d.ts
    4144 ./node_modules/@types/node/module.d.ts
    4051 ./node_modules/keyv/src/index.d.ts
    3752 ./node_modules/cacheable-request/node_modules/get-stream/index.d.ts
    3751 ./node_modules/@types/node/ts4.8/index.d.ts
    3662 ./node_modules/bin-version/node_modules/get-stream/index.d.ts
    3484 ./node_modules/strtok3/lib/types.d.ts
    3447 ./node_modules/@types/keyv/index.d.ts
    3201 ./node_modules/typescript/lib/lib.es2015.promise.d.ts
    3175 ./node_modules/typescript/lib/lib.es2019.array.d.ts
    3137 ./node_modules/@types/node/ts4.8/timers/promises.d.ts
    3137 ./node_modules/@types/node/timers/promises.d.ts
    3078 ./node_modules/typescript/lib/lib.es2018.intl.d.ts
    2957 ./node_modules/typescript/lib/lib.es2020.date.d.ts
    2818 ./node_modules/@types/node/ts4.8/string_decoder.d.ts
    2818 ./node_modules/@types/node/string_decoder.d.ts
    2759 ./node_modules/strtok3/lib/AbstractTokenizer.d.ts
    2741 ./node_modules/typescript/lib/lib.es2021.weakref.d.ts
    2689 ./node_modules/typescript/lib/lib.es2018.asyncgenerator.d.ts
    2554 ./node_modules/typescript/lib/lib.es2015.generator.d.ts
    2453 ./node_modules/typescript/lib/lib.es2017.object.d.ts
    2388 ./node_modules/fast-glob/out/utils/pattern.d.ts
    2380 ./node_modules/typescript/lib/lib.es2017.string.d.ts
    2374 ./node_modules/@types/node/ts4.8/stream/promises.d.ts
    2374 ./node_modules/@types/node/stream/promises.d.ts
    2339 ./node_modules/typescript/lib/lib.es2022.error.d.ts
    2329 ./node_modules/bin-version/node_modules/npm-run-path/index.d.ts
    2261 ./node_modules/typescript/lib/lib.es2021.promise.d.ts
    2083 ./node_modules/typescript/lib/lib.es2022.sharedmemory.d.ts
    2062 ./node_modules/quick-lru/index.d.ts
    1804 ./node_modules/typescript/lib/lib.es2020.promise.d.ts
    1778 ./node_modules/bin-version/node_modules/is-stream/index.d.ts
    1755 ./node_modules/typescript/lib/lib.es2018.asynciterable.d.ts
    1707 ./node_modules/fast-glob/out/index.d.ts
    1650 ./node_modules/typescript/lib/lib.es2015.symbol.d.ts
    1618 ./node_modules/peek-readable/lib/StreamReader.d.ts
    1594 ./node_modules/typescript/lib/lib.es2021.string.d.ts
    1589 ./node_modules/typescript/lib/lib.es2020.number.d.ts
    1530 ./node_modules/typescript/lib/lib.es2019.string.d.ts
    1474 ./node_modules/typescript/lib/lib.es2019.object.d.ts
    1457 ./node_modules/typescript/lib/lib.es2020.symbol.wellknown.d.ts
    1454 ./node_modules/readable-web-to-node-stream/lib/index.d.ts
    1441 ./node_modules/typescript/lib/lib.es2017.intl.d.ts
    1427 ./node_modules/typescript/lib/lib.es2017.typedarrays.d.ts
    1395 ./node_modules/human-signals/build/src/main.d.ts
    1392 ./node_modules/fastq/index.d.ts
    1354 ./node_modules/typescript/lib/lib.es2018.promise.d.ts
    1338 ./node_modules/typescript/lib/lib.es2022.regexp.d.ts
    1316 ./node_modules/typescript/lib/lib.decorators.legacy.d.ts
    1259 ./node_modules/onetime/index.d.ts
    1255 ./node_modules/fast-glob/out/managers/tasks.d.ts
    1243 ./node_modules/typescript/lib/lib.es2015.d.ts
    1240 ./node_modules/strtok3/lib/ReadStreamTokenizer.d.ts
    1239 ./node_modules/typescript/lib/lib.es2020.string.d.ts
    1235 ./node_modules/fast-glob/out/types/index.d.ts
    1229 ./node_modules/typescript/lib/lib.es2018.regexp.d.ts
    1220 ./node_modules/@swc/core/spack.d.ts
    1211 ./node_modules/mimic-fn/index.d.ts
    1209 ./node_modules/file-type/browser.d.ts
    1207 ./node_modules/@types/responselike/index.d.ts
    1203 ./node_modules/typescript/lib/lib.es2020.d.ts
    1194 ./node_modules/typescript/lib/lib.esnext.intl.d.ts
    1177 ./node_modules/@sindresorhus/is/dist/types.d.ts
    1175 ./node_modules/@nodelib/fs.walk/out/settings.d.ts
    1157 ./node_modules/typescript/lib/lib.es2022.string.d.ts
    1154 ./node_modules/typescript/lib/lib.es2022.d.ts
    1134 ./node_modules/strtok3/lib/core.d.ts
    1118 ./node_modules/fast-glob/out/providers/matchers/matcher.d.ts
    1091 ./node_modules/@nodelib/fs.walk/out/readers/async.d.ts
    1090 ./node_modules/typescript/lib/lib.es2018.d.ts
    1087 ./node_modules/typescript/lib/lib.es2022.object.d.ts
    1085 ./node_modules/typescript/lib/lib.es2017.d.ts
    1073 ./node_modules/typescript/lib/lib.es2019.d.ts
    1044 ./node_modules/typescript/lib/lib.webworker.importscripts.d.ts
    1038 ./node_modules/typescript/lib/lib.es2021.d.ts
    1034 ./node_modules/typescript/lib/lib.es6.d.ts
    1034 ./node_modules/typescript/lib/lib.es2023.full.d.ts
    1034 ./node_modules/typescript/lib/lib.es2022.full.d.ts
    1034 ./node_modules/typescript/lib/lib.es2021.full.d.ts
    1034 ./node_modules/typescript/lib/lib.es2020.full.d.ts
    1034 ./node_modules/typescript/lib/lib.es2019.full.d.ts
    1033 ./node_modules/typescript/lib/lib.esnext.full.d.ts
    1033 ./node_modules/typescript/lib/lib.es2018.full.d.ts
    1033 ./node_modules/typescript/lib/lib.es2017.full.d.ts
    1033 ./node_modules/typescript/lib/lib.es2016.full.d.ts
    1032 ./node_modules/bin-version/node_modules/path-key/index.d.ts
    1019 ./node_modules/@nodelib/fs.walk/out/index.d.ts
    1008 ./node_modules/typescript/lib/lib.es2019.symbol.d.ts
     997 ./node_modules/strtok3/lib/BufferTokenizer.d.ts
     996 ./node_modules/strtok3/lib/FsPromise.d.ts
     994 ./node_modules/typescript/lib/lib.d.ts
     957 ./node_modules/typescript/lib/lib.es2019.intl.d.ts
     945 ./node_modules/bin-version/index.d.ts
     930 ./node_modules/typescript/lib/lib.es2016.d.ts
     930 ./node_modules/strtok3/lib/FileTokenizer.d.ts
     927 ./node_modules/filenamify/filenamify.d.ts
     923 ./node_modules/typescript/lib/lib.es2023.d.ts
     922 ./node_modules/typescript/lib/lib.esnext.d.ts
     886 ./node_modules/@tokenizer/token/index.d.ts
     878 ./node_modules/@nodelib/fs.scandir/out/adapters/fs.d.ts
     865 ./node_modules/got/dist/source/core/utils/timed-out.d.ts
     855 ./node_modules/@nodelib/fs.scandir/out/index.d.ts
     836 ./node_modules/fast-glob/out/providers/provider.d.ts
     820 ./node_modules/@szmarczak/http-timer/dist/source/index.d.ts
     805 ./node_modules/@nodelib/fs.stat/out/index.d.ts
     759 ./node_modules/strtok3/lib/index.d.ts
     729 ./node_modules/fast-glob/out/readers/reader.d.ts
     727 ./node_modules/@types/node/ts4.8/stream/consumers.d.ts
     727 ./node_modules/@types/node/stream/consumers.d.ts
     676 ./node_modules/fast-glob/out/providers/filters/deep.d.ts
     672 ./node_modules/fast-glob/out/providers/filters/entry.d.ts
     666 ./node_modules/@nodelib/fs.scandir/out/settings.d.ts
     665 ./node_modules/@nodelib/fs.stat/out/adapters/fs.d.ts
     621 ./node_modules/slash/index.d.ts
     613 ./node_modules/@types/node/ts4.8/constants.d.ts
     613 ./node_modules/@types/node/constants.d.ts
     599 ./node_modules/decompress-response/node_modules/mimic-response/index.d.ts
     580 ./node_modules/fast-glob/out/readers/stream.d.ts
     566 ./node_modules/find-versions/index.d.ts
     542 ./node_modules/decompress-response/index.d.ts
     534 ./node_modules/file-type/index.d.ts
     530 ./node_modules/@nodelib/fs.scandir/out/types/index.d.ts
     524 ./node_modules/@nodelib/fs.scandir/out/providers/async.d.ts
     518 ./node_modules/fast-glob/out/readers/sync.d.ts
     518 ./node_modules/@nodelib/fs.stat/out/settings.d.ts
     498 ./node_modules/@nodelib/fs.walk/out/readers/common.d.ts
     492 ./node_modules/@swc/core/binding.d.ts
     483 ./node_modules/fast-glob/out/readers/async.d.ts
     478 ./node_modules/@nodelib/fs.walk/out/providers/async.d.ts
     477 ./node_modules/@nodelib/fs.walk/out/readers/sync.d.ts
     469 ./node_modules/semver-truncate/index.d.ts
     461 ./node_modules/semver-regex/index.d.ts
     447 ./node_modules/fast-glob/out/providers/stream.d.ts
     446 ./node_modules/bin-version/node_modules/shebang-regex/index.d.ts
     437 ./node_modules/escape-string-regexp/index.d.ts
     425 ./node_modules/fast-glob/out/providers/async.d.ts
     413 ./node_modules/@nodelib/fs.walk/out/providers/stream.d.ts
     397 ./node_modules/got/dist/source/core/utils/url-to-options.d.ts
     394 ./node_modules/fast-glob/out/providers/sync.d.ts
     376 ./node_modules/fast-glob/out/utils/path.d.ts
     365 ./node_modules/got/dist/source/core/utils/unhandle.d.ts
     357 ./node_modules/got/dist/source/core/utils/options-to-url.d.ts
     355 ./node_modules/filenamify/filenamify-path.d.ts
     351 ./node_modules/lowercase-keys/index.d.ts
     349 ./node_modules/fast-glob/out/managers/patterns.d.ts
     348 ./node_modules/got/dist/source/as-promise/parse-body.d.ts
     346 ./node_modules/defer-to-connect/dist/source/index.d.ts
     338 ./node_modules/@nodelib/fs.walk/out/providers/sync.d.ts
     333 ./node_modules/@nodelib/fs.scandir/out/providers/sync.d.ts
     332 ./node_modules/ieee754/index.d.ts
     306 ./node_modules/fast-glob/out/utils/index.d.ts
     305 ./node_modules/got/dist/source/core/utils/is-form-data.d.ts
     297 ./node_modules/got/dist/source/core/calculate-retry-delay.d.ts
     290 ./node_modules/got/dist/source/core/utils/dns-ip-version.d.ts
     287 ./node_modules/fast-glob/out/providers/transformers/entry.d.ts
     274 ./node_modules/@nodelib/fs.stat/out/providers/async.d.ts
     273 ./node_modules/fast-glob/out/providers/filters/error.d.ts
     251 ./node_modules/@nodelib/fs.walk/out/types/index.d.ts
     227 ./node_modules/got/dist/source/create.d.ts
     223 ./node_modules/got/dist/source/core/utils/weakable-map.d.ts
     213 ./node_modules/peek-readable/lib/EndOfFileStream.d.ts
     208 ./node_modules/got/dist/source/as-promise/normalize-arguments.d.ts
     208 ./node_modules/@nodelib/fs.walk/out/readers/reader.d.ts
     203 ./node_modules/got/dist/source/as-promise/create-rejection.d.ts
     201 ./node_modules/@types/node/ts4.8/assert/strict.d.ts
     201 ./node_modules/@types/node/assert/strict.d.ts
     190 ./node_modules/fast-glob/out/utils/fs.d.ts
     187 ./node_modules/got/dist/source/as-promise/index.d.ts
     178 ./node_modules/got/dist/source/core/utils/get-body-size.d.ts
     167 ./node_modules/@nodelib/fs.walk/out/providers/index.d.ts
     164 ./node_modules/got/dist/source/core/utils/proxy-events.d.ts
     160 ./node_modules/@nodelib/fs.stat/out/types/index.d.ts
     156 ./node_modules/got/dist/source/core/utils/get-buffer.d.ts
     151 ./node_modules/@nodelib/fs.stat/out/providers/sync.d.ts
     149 ./node_modules/peek-readable/lib/Deferred.d.ts
     147 ./node_modules/fast-glob/out/utils/array.d.ts
     144 ./node_modules/fast-glob/out/utils/stream.d.ts
     138 ./node_modules/filenamify/index.d.ts
     131 ./node_modules/fast-glob/out/providers/matchers/partial.d.ts
     130 ./node_modules/@nodelib/fs.scandir/out/utils/fs.d.ts
     126 ./node_modules/fast-glob/out/utils/string.d.ts
     120 ./node_modules/fast-glob/out/utils/errno.d.ts
     118 ./node_modules/got/dist/source/index.d.ts
     118 ./node_modules/@nodelib/fs.scandir/out/constants.d.ts
     107 ./node_modules/peek-readable/lib/index.d.ts
      99 ./node_modules/got/dist/source/core/utils/is-response-ok.d.ts
      91 ./node_modules/got/dist/source/utils/deep-freeze.d.ts
      91 ./node_modules/@nodelib/fs.scandir/out/providers/common.d.ts
      79 ./node_modules/queue-microtask/index.d.ts
      76 ./node_modules/got/dist/source/utils/deprecation-warning.d.ts
      58 ./node_modules/@swc/core/util.d.ts
      57 ./node_modules/arch/index.d.ts
      43 ./node_modules/@nodelib/fs.scandir/out/utils/index.d.ts
      39 ./node_modules/@types/node/ts4.8/globals.global.d.ts
      39 ./node_modules/@types/node/globals.global.d.ts
