==============================================================================
lspci audio devices

00:03.0 Audio device: Intel Corporation Xeon E3-1200 v3/4th Gen Core Processor HD Audio Controller (rev 06)
	Subsystem: Intel Corporation Device 2010
	Flags: bus master, fast devsel, latency 0, IRQ 36
	Memory at f7a1c000 (64-bit, non-prefetchable) [size=16K]
	Capabilities: <access denied>
	Kernel driver in use: snd_hda_intel

00:04.0 Signal processing controller: Intel Corporation Device 0c03 (rev 06)
	Subsystem: Intel Corporation Device 2010
	Flags: fast devsel, IRQ 11
	Memory at f7a10000 (64-bit, non-prefetchable) [disabled] [size=32K]
	Capabilities: <access denied>

--

00:1b.0 Audio device: Intel Corporation 8 Series/C220 Series Chipset High Definition Audio Controller (rev 05)
	Subsystem: Dell Device 05fe
	Flags: bus master, fast devsel, latency 0, IRQ 37
	Memory at f7a18000 (64-bit, non-prefetchable) [size=16K]
	Capabilities: <access denied>
	Kernel driver in use: snd_hda_intel

00:1c.0 PCI bridge: Intel Corporation 8 Series/C220 Series Chipset Family PCI Express Root Port #1 (rev d5) (prog-if 00 [Normal decode])
	Flags: bus master, fast devsel, latency 0
	Bus: primary=00, secondary=04, subordinate=04, sec-latency=0
	I/O behind bridge: 00002000-00002fff
	Memory behind bridge: cf200000-cf3fffff
	Prefetchable memory behind bridge: 00000000cf400000-00000000cf5fffff
 
==============================================================================
lshw audio devices
        *-multimedia:0
             description: Audio device
             product: Xeon E3-1200 v3/4th Gen Core Processor HD Audio Controller
             vendor: Intel Corporation
             physical id: 3
             bus info: pci@0000:00:03.0
             version: 06
             width: 64 bits
             clock: 33MHz
             capabilities: pm msi pciexpress bus_master cap_list
             configuration: driver=snd_hda_intel latency=0
             resources: irq:36 memory:f7a1c000-f7a1ffff
        *-generic:0 UNCLAIMED
--
        *-multimedia:1
             description: Audio device
             product: 8 Series/C220 Series Chipset High Definition Audio Controller
             vendor: Intel Corporation
             physical id: 1b
             bus info: pci@0000:00:1b.0
             version: 05
             width: 64 bits
             clock: 33MHz
             capabilities: pm msi pciexpress bus_master cap_list
             configuration: driver=snd_hda_intel latency=0
             resources: irq:37 memory:f7a18000-f7a1bfff
        *-pci:1
 
==============================================================================
amixer info
Card default 'HDMI'/'HDA Intel HDMI at 0xf7a1c000 irq 37'
  Mixer name	: 'Intel Haswell HDMI'
  Components	: 'HDA:80862807,80860101,00100000'
  Controls      : 21
  Simple ctrls  : 3
 
==============================================================================
arecord --list-devices
**** List of CAPTURE Hardware Devices ****
card 1: PCH [HDA Intel PCH], device 0: ALC3661 Analog [ALC3661 Analog]
  Subdevices: 1/1
  Subdevice #0: subdevice #0
 
==============================================================================
aplay --list-devices
**** List of PLAYBACK Hardware Devices ****
card 0: HDMI [HDA Intel HDMI], device 3: HDMI 0 [HDMI 0]
  Subdevices: 1/1
  Subdevice #0: subdevice #0
card 0: HDMI [HDA Intel HDMI], device 7: HDMI 1 [HDMI 1]
  Subdevices: 1/1
  Subdevice #0: subdevice #0
card 0: HDMI [HDA Intel HDMI], device 8: HDMI 2 [HDMI 2]
  Subdevices: 1/1
  Subdevice #0: subdevice #0
card 1: PCH [HDA Intel PCH], device 0: ALC3661 Analog [ALC3661 Analog]
  Subdevices: 1/1
  Subdevice #0: subdevice #0
 
==============================================================================
aplay --list-pcms
default
    Playback/recording through the PulseAudio sound server
null
    Discard all samples (playback) or generate zero samples (capture)
pulse
    PulseAudio Sound Server
hdmi:CARD=HDMI,DEV=0
    HDA Intel HDMI, HDMI 0
    HDMI Audio Output
hdmi:CARD=HDMI,DEV=1
    HDA Intel HDMI, HDMI 1
    HDMI Audio Output
hdmi:CARD=HDMI,DEV=2
    HDA Intel HDMI, HDMI 2
    HDMI Audio Output
dmix:CARD=HDMI,DEV=3
    HDA Intel HDMI, HDMI 0
    Direct sample mixing device
dmix:CARD=HDMI,DEV=7
    HDA Intel HDMI, HDMI 1
    Direct sample mixing device
dmix:CARD=HDMI,DEV=8
    HDA Intel HDMI, HDMI 2
    Direct sample mixing device
dsnoop:CARD=HDMI,DEV=3
    HDA Intel HDMI, HDMI 0
    Direct sample snooping device
dsnoop:CARD=HDMI,DEV=7
    HDA Intel HDMI, HDMI 1
    Direct sample snooping device
dsnoop:CARD=HDMI,DEV=8
    HDA Intel HDMI, HDMI 2
    Direct sample snooping device
hw:CARD=HDMI,DEV=3
    HDA Intel HDMI, HDMI 0
    Direct hardware device without any conversions
hw:CARD=HDMI,DEV=7
    HDA Intel HDMI, HDMI 1
    Direct hardware device without any conversions
hw:CARD=HDMI,DEV=8
    HDA Intel HDMI, HDMI 2
    Direct hardware device without any conversions
plughw:CARD=HDMI,DEV=3
    HDA Intel HDMI, HDMI 0
    Hardware device with all software conversions
plughw:CARD=HDMI,DEV=7
    HDA Intel HDMI, HDMI 1
    Hardware device with all software conversions
plughw:CARD=HDMI,DEV=8
    HDA Intel HDMI, HDMI 2
    Hardware device with all software conversions
sysdefault:CARD=PCH
    HDA Intel PCH, ALC3661 Analog
    Default Audio Device
front:CARD=PCH,DEV=0
    HDA Intel PCH, ALC3661 Analog
    Front speakers
surround21:CARD=PCH,DEV=0
    HDA Intel PCH, ALC3661 Analog
    2.1 Surround output to Front and Subwoofer speakers
surround40:CARD=PCH,DEV=0
    HDA Intel PCH, ALC3661 Analog
    4.0 Surround output to Front and Rear speakers
surround41:CARD=PCH,DEV=0
    HDA Intel PCH, ALC3661 Analog
    4.1 Surround output to Front, Rear and Subwoofer speakers
surround50:CARD=PCH,DEV=0
    HDA Intel PCH, ALC3661 Analog
    5.0 Surround output to Front, Center and Rear speakers
surround51:CARD=PCH,DEV=0
    HDA Intel PCH, ALC3661 Analog
    5.1 Surround output to Front, Center, Rear and Subwoofer speakers
surround71:CARD=PCH,DEV=0
    HDA Intel PCH, ALC3661 Analog
    7.1 Surround output to Front, Center, Side, Rear and Woofer speakers
dmix:CARD=PCH,DEV=0
    HDA Intel PCH, ALC3661 Analog
    Direct sample mixing device
dsnoop:CARD=PCH,DEV=0
    HDA Intel PCH, ALC3661 Analog
    Direct sample snooping device
hw:CARD=PCH,DEV=0
    HDA Intel PCH, ALC3661 Analog
    Direct hardware device without any conversions
plughw:CARD=PCH,DEV=0
    HDA Intel PCH, ALC3661 Analog
    Hardware device with all software conversions
==============================================================================
pactl list
Module #0
	Name: module-device-restore
	Argument: 
	Usage counter: n/a
	Properties:
		module.author = "Lennart Poettering"
		module.description = "Automatically restore the volume/mute state of devices"
		module.version = "6.0"

Module #1
	Name: module-stream-restore
	Argument: 
	Usage counter: n/a
	Properties:
		module.author = "Lennart Poettering"
		module.description = "Automatically restore the volume/mute/device state of streams"
		module.version = "6.0"

Module #2
	Name: module-card-restore
	Argument: 
	Usage counter: n/a
	Properties:
		module.author = "Lennart Poettering"
		module.description = "Automatically restore profile of cards"
		module.version = "6.0"

Module #3
	Name: module-augment-properties
	Argument: 
	Usage counter: n/a
	Properties:
		module.author = "Lennart Poettering"
		module.description = "Augment the property sets of streams with additional static information"
		module.version = "6.0"

Module #4
	Name: module-switch-on-port-available
	Argument: 
	Usage counter: n/a
	Properties:
		

Module #5
	Name: module-udev-detect
	Argument: 
	Usage counter: n/a
	Properties:
		module.author = "Lennart Poettering"
		module.description = "Detect available audio hardware and load matching drivers"
		module.version = "6.0"

Module #6
	Name: module-alsa-card
	Argument: device_id="0" name="pci-0000_00_03.0" card_name="alsa_card.pci-0000_00_03.0" namereg_fail=false tsched=yes fixed_latency_range=no ignore_dB=no deferred_volume=yes use_ucm=yes card_properties="module-udev-detect.discovered=1"
	Usage counter: 0
	Properties:
		module.author = "Lennart Poettering"
		module.description = "ALSA Card"
		module.version = "6.0"

Module #7
	Name: module-alsa-card
	Argument: device_id="1" name="pci-0000_00_1b.0" card_name="alsa_card.pci-0000_00_1b.0" namereg_fail=false tsched=yes fixed_latency_range=no ignore_dB=no deferred_volume=yes use_ucm=yes card_properties="module-udev-detect.discovered=1"
	Usage counter: 0
	Properties:
		module.author = "Lennart Poettering"
		module.description = "ALSA Card"
		module.version = "6.0"

Module #8
	Name: module-bluetooth-policy
	Argument: 
	Usage counter: n/a
	Properties:
		module.author = "Frédéric Dalleau"
		module.description = "When a bluetooth sink or source is added, load module-loopback"
		module.version = "6.0"

Module #9
	Name: module-bluetooth-discover
	Argument: 
	Usage counter: n/a
	Properties:
		module.author = "João Paulo Rechi Vita"
		module.description = "Detect available Bluetooth daemon and load the corresponding discovery module"
		module.version = "6.0"

Module #10
	Name: module-bluez4-discover
	Argument: 
	Usage counter: n/a
	Properties:
		module.author = "João Paulo Rechi Vita"
		module.description = "Detect available BlueZ 4 Bluetooth audio devices and load BlueZ 4 Bluetooth audio drivers"
		module.version = "6.0"

Module #11
	Name: module-native-protocol-unix
	Argument: 
	Usage counter: n/a
	Properties:
		module.author = "Lennart Poettering"
		module.description = "Native protocol (UNIX sockets)"
		module.version = "6.0"

Module #12
	Name: module-default-device-restore
	Argument: 
	Usage counter: n/a
	Properties:
		module.author = "Lennart Poettering"
		module.description = "Automatically restore the default sink and source"
		module.version = "6.0"

Module #13
	Name: module-rescue-streams
	Argument: 
	Usage counter: n/a
	Properties:
		module.author = "Lennart Poettering"
		module.description = "When a sink/source is removed, try to move its streams to the default sink/source"
		module.version = "6.0"

Module #14
	Name: module-always-sink
	Argument: 
	Usage counter: n/a
	Properties:
		module.author = "Colin Guthrie"
		module.description = "Always keeps at least one sink loaded even if it's a null one"
		module.version = "6.0"

Module #15
	Name: module-intended-roles
	Argument: 
	Usage counter: n/a
	Properties:
		module.author = "Lennart Poettering"
		module.description = "Automatically set device of streams based on intended roles of devices"
		module.version = "6.0"

Module #16
	Name: module-suspend-on-idle
	Argument: 
	Usage counter: n/a
	Properties:
		module.author = "Lennart Poettering"
		module.description = "When a sink/source is idle for too long, suspend it"
		module.version = "6.0"

Module #17
	Name: module-systemd-login
	Argument: 
	Usage counter: n/a
	Properties:
		module.author = "Lennart Poettering"
		module.description = "Create a client for each login session of this user"
		module.version = "6.0"

Module #18
	Name: module-position-event-sounds
	Argument: 
	Usage counter: n/a
	Properties:
		module.author = "Lennart Poettering"
		module.description = "Position event sounds between L and R depending on the position on screen of the widget triggering them."
		module.version = "6.0"

Module #19
	Name: module-filter-heuristics
	Argument: 
	Usage counter: n/a
	Properties:
		module.author = "Colin Guthrie"
		module.description = "Detect when various filters are desirable"
		module.version = "6.0"

Module #20
	Name: module-filter-apply
	Argument: 
	Usage counter: n/a
	Properties:
		module.author = "Colin Guthrie"
		module.description = "Load filter sinks automatically when needed"
		module.version = "6.0"

Module #21
	Name: module-x11-publish
	Argument: display=:0
	Usage counter: n/a
	Properties:
		module.author = "Lennart Poettering"
		module.description = "X11 credential publisher"
		module.version = "6.0"

Module #22
	Name: module-x11-bell
	Argument: display=:0 sample=bell.ogg
	Usage counter: n/a
	Properties:
		module.author = "Lennart Poettering"
		module.description = "X11 bell interceptor"
		module.version = "6.0"

Module #23
	Name: module-x11-cork-request
	Argument: display=:0
	Usage counter: n/a
	Properties:
		module.author = "Lennart Poettering"
		module.description = "Synthesize X11 media key events when cork/uncork is requested"
		module.version = "6.0"

Module #24
	Name: module-x11-xsmp
	Argument: display=:0 session_manager=local/worksharexps-XPS-15-9530:@/tmp/.ICE-unix/3102,unix/worksharexps-XPS-15-9530:/tmp/.ICE-unix/3102
	Usage counter: n/a
	Properties:
		module.author = "Lennart Poettering"
		module.description = "X11 session management"
		module.version = "6.0"

Sink #0
	State: SUSPENDED
	Name: alsa_output.pci-0000_00_03.0.hdmi-stereo
	Description: Built-in Audio Digital Stereo (HDMI)
	Driver: module-alsa-card.c
	Sample Specification: s16le 2ch 44100Hz
	Channel Map: front-left,front-right
	Owner Module: 6
	Mute: no
	Volume: front-left: 65536 / 100% / 0.00 dB,   front-right: 65536 / 100% / 0.00 dB
	        balance 0.00
	Base Volume: 65536 / 100% / 0.00 dB
	Monitor Source: alsa_output.pci-0000_00_03.0.hdmi-stereo.monitor
	Latency: 0 usec, configured 0 usec
	Flags: HARDWARE DECIBEL_VOLUME LATENCY SET_FORMATS 
	Properties:
		alsa.resolution_bits = "16"
		device.api = "alsa"
		device.class = "sound"
		alsa.class = "generic"
		alsa.subclass = "generic-mix"
		alsa.name = "HDMI 0"
		alsa.id = "HDMI 0"
		alsa.subdevice = "0"
		alsa.subdevice_name = "subdevice #0"
		alsa.device = "3"
		alsa.card = "0"
		alsa.card_name = "HDA Intel HDMI"
		alsa.long_card_name = "HDA Intel HDMI at 0xf7a1c000 irq 37"
		alsa.driver_name = "snd_hda_intel"
		device.bus_path = "pci-0000:00:03.0"
		sysfs.path = "/devices/pci0000:00/0000:00:03.0/sound/card0"
		device.bus = "pci"
		device.vendor.id = "8086"
		device.vendor.name = "Intel Corporation"
		device.product.id = "0c0c"
		device.product.name = "Xeon E3-1200 v3/4th Gen Core Processor HD Audio Controller"
		device.form_factor = "internal"
		device.string = "hdmi:0"
		device.buffering.buffer_size = "65536"
		device.buffering.fragment_size = "32768"
		device.access_mode = "mmap+timer"
		device.profile.name = "hdmi-stereo"
		device.profile.description = "Digital Stereo (HDMI)"
		device.description = "Built-in Audio Digital Stereo (HDMI)"
		alsa.mixer_name = "Intel Haswell HDMI"
		alsa.components = "HDA:80862807,80860101,00100000"
		module-udev-detect.discovered = "1"
		device.icon_name = "audio-card-pci"
	Ports:
		hdmi-output-0: HDMI / DisplayPort (priority: 5900, not available)
	Active Port: hdmi-output-0
	Formats:
		pcm

Sink #1
	State: SUSPENDED
	Name: alsa_output.pci-0000_00_1b.0.analog-stereo
	Description: Built-in Audio Analogue Stereo
	Driver: module-alsa-card.c
	Sample Specification: s16le 2ch 44100Hz
	Channel Map: front-left,front-right
	Owner Module: 7
	Mute: no
	Volume: front-left: 65536 / 100% / 0.00 dB,   front-right: 65536 / 100% / 0.00 dB
	        balance 0.00
	Base Volume: 65536 / 100% / 0.00 dB
	Monitor Source: alsa_output.pci-0000_00_1b.0.analog-stereo.monitor
	Latency: 0 usec, configured 0 usec
	Flags: HARDWARE HW_MUTE_CTRL HW_VOLUME_CTRL DECIBEL_VOLUME LATENCY 
	Properties:
		alsa.resolution_bits = "16"
		device.api = "alsa"
		device.class = "sound"
		alsa.class = "generic"
		alsa.subclass = "generic-mix"
		alsa.name = "ALC3661 Analog"
		alsa.id = "ALC3661 Analog"
		alsa.subdevice = "0"
		alsa.subdevice_name = "subdevice #0"
		alsa.device = "0"
		alsa.card = "1"
		alsa.card_name = "HDA Intel PCH"
		alsa.long_card_name = "HDA Intel PCH at 0xf7a18000 irq 36"
		alsa.driver_name = "snd_hda_intel"
		device.bus_path = "pci-0000:00:1b.0"
		sysfs.path = "/devices/pci0000:00/0000:00:1b.0/sound/card1"
		device.bus = "pci"
		device.vendor.id = "8086"
		device.vendor.name = "Intel Corporation"
		device.product.id = "8c20"
		device.product.name = "8 Series/C220 Series Chipset High Definition Audio Controller"
		device.form_factor = "internal"
		device.string = "front:1"
		device.buffering.buffer_size = "65536"
		device.buffering.fragment_size = "32768"
		device.access_mode = "mmap+timer"
		device.profile.name = "analog-stereo"
		device.profile.description = "Analogue Stereo"
		device.description = "Built-in Audio Analogue Stereo"
		alsa.mixer_name = "Realtek ALC3661"
		alsa.components = "HDA:10ec0668,102805fe,00100003"
		module-udev-detect.discovered = "1"
		device.icon_name = "audio-card-pci"
	Ports:
		analog-output-speaker: Speakers (priority: 10000)
		analog-output-headphones: Headphones (priority: 9000, not available)
	Active Port: analog-output-speaker
	Formats:
		pcm

Source #0
	State: SUSPENDED
	Name: alsa_output.pci-0000_00_03.0.hdmi-stereo.monitor
	Description: Monitor of Built-in Audio Digital Stereo (HDMI)
	Driver: module-alsa-card.c
	Sample Specification: s16le 2ch 44100Hz
	Channel Map: front-left,front-right
	Owner Module: 6
	Mute: no
	Volume: front-left: 65536 / 100% / 0.00 dB,   front-right: 65536 / 100% / 0.00 dB
	        balance 0.00
	Base Volume: 65536 / 100% / 0.00 dB
	Monitor of Sink: alsa_output.pci-0000_00_03.0.hdmi-stereo
	Latency: 0 usec, configured 0 usec
	Flags: DECIBEL_VOLUME LATENCY 
	Properties:
		device.description = "Monitor of Built-in Audio Digital Stereo (HDMI)"
		device.class = "monitor"
		alsa.card = "0"
		alsa.card_name = "HDA Intel HDMI"
		alsa.long_card_name = "HDA Intel HDMI at 0xf7a1c000 irq 37"
		alsa.driver_name = "snd_hda_intel"
		device.bus_path = "pci-0000:00:03.0"
		sysfs.path = "/devices/pci0000:00/0000:00:03.0/sound/card0"
		device.bus = "pci"
		device.vendor.id = "8086"
		device.vendor.name = "Intel Corporation"
		device.product.id = "0c0c"
		device.product.name = "Xeon E3-1200 v3/4th Gen Core Processor HD Audio Controller"
		device.form_factor = "internal"
		device.string = "0"
		module-udev-detect.discovered = "1"
		device.icon_name = "audio-card-pci"
	Formats:
		pcm

Source #1
	State: SUSPENDED
	Name: alsa_output.pci-0000_00_1b.0.analog-stereo.monitor
	Description: Monitor of Built-in Audio Analogue Stereo
	Driver: module-alsa-card.c
	Sample Specification: s16le 2ch 44100Hz
	Channel Map: front-left,front-right
	Owner Module: 7
	Mute: no
	Volume: front-left: 65536 / 100% / 0.00 dB,   front-right: 65536 / 100% / 0.00 dB
	        balance 0.00
	Base Volume: 65536 / 100% / 0.00 dB
	Monitor of Sink: alsa_output.pci-0000_00_1b.0.analog-stereo
	Latency: 0 usec, configured 0 usec
	Flags: DECIBEL_VOLUME LATENCY 
	Properties:
		device.description = "Monitor of Built-in Audio Analogue Stereo"
		device.class = "monitor"
		alsa.card = "1"
		alsa.card_name = "HDA Intel PCH"
		alsa.long_card_name = "HDA Intel PCH at 0xf7a18000 irq 36"
		alsa.driver_name = "snd_hda_intel"
		device.bus_path = "pci-0000:00:1b.0"
		sysfs.path = "/devices/pci0000:00/0000:00:1b.0/sound/card1"
		device.bus = "pci"
		device.vendor.id = "8086"
		device.vendor.name = "Intel Corporation"
		device.product.id = "8c20"
		device.product.name = "8 Series/C220 Series Chipset High Definition Audio Controller"
		device.form_factor = "internal"
		device.string = "1"
		module-udev-detect.discovered = "1"
		device.icon_name = "audio-card-pci"
	Formats:
		pcm

Source #2
	State: SUSPENDED
	Name: alsa_input.pci-0000_00_1b.0.analog-stereo
	Description: Built-in Audio Analogue Stereo
	Driver: module-alsa-card.c
	Sample Specification: s16le 2ch 48000Hz
	Channel Map: front-left,front-right
	Owner Module: 7
	Mute: no
	Volume: front-left: 99957 / 153% / 11.00 dB,   front-right: 99957 / 153% / 11.00 dB
	        balance 0.00
	Base Volume: 20724 /  32% / -30.00 dB
	Monitor of Sink: n/a
	Latency: 0 usec, configured 0 usec
	Flags: HARDWARE HW_MUTE_CTRL HW_VOLUME_CTRL DECIBEL_VOLUME LATENCY 
	Properties:
		alsa.resolution_bits = "16"
		device.api = "alsa"
		device.class = "sound"
		alsa.class = "generic"
		alsa.subclass = "generic-mix"
		alsa.name = "ALC3661 Analog"
		alsa.id = "ALC3661 Analog"
		alsa.subdevice = "0"
		alsa.subdevice_name = "subdevice #0"
		alsa.device = "0"
		alsa.card = "1"
		alsa.card_name = "HDA Intel PCH"
		alsa.long_card_name = "HDA Intel PCH at 0xf7a18000 irq 36"
		alsa.driver_name = "snd_hda_intel"
		device.bus_path = "pci-0000:00:1b.0"
		sysfs.path = "/devices/pci0000:00/0000:00:1b.0/sound/card1"
		device.bus = "pci"
		device.vendor.id = "8086"
		device.vendor.name = "Intel Corporation"
		device.product.id = "8c20"
		device.product.name = "8 Series/C220 Series Chipset High Definition Audio Controller"
		device.form_factor = "internal"
		device.string = "front:1"
		device.buffering.buffer_size = "65536"
		device.buffering.fragment_size = "32768"
		device.access_mode = "mmap+timer"
		device.profile.name = "analog-stereo"
		device.profile.description = "Analogue Stereo"
		device.description = "Built-in Audio Analogue Stereo"
		alsa.mixer_name = "Realtek ALC3661"
		alsa.components = "HDA:10ec0668,102805fe,00100003"
		module-udev-detect.discovered = "1"
		device.icon_name = "audio-card-pci"
	Ports:
		analog-input-internal-mic: Internal Microphone (priority: 8900)
		analog-input-headphone-mic: Microphone (priority: 8700, not available)
		analog-input-headset-mic: Headset Microphone (priority: 8700, not available)
	Active Port: analog-input-internal-mic
	Formats:
		pcm

Client #54
	Driver: module-systemd-login.c
	Owner Module: 17
	Properties:
		application.name = "Login Session c12"
		systemd-login.session = "c12"

Client #55
	Driver: protocol-native.c
	Owner Module: 11
	Properties:
		application.name = "Ubuntu Audio Settings"
		native-protocol.peer = "UNIX socket client"
		native-protocol.version = "30"
		application.id = "com.canonical.settings.sound"
		application.icon_name = "multimedia-volume-control"
		application.version = "0.1"
		application.process.id = "3181"
		application.process.user = "bcowgill"
		application.process.host = "worksharexps-XPS-15-9530"
		application.process.binary = "indicator-sound-service"
		application.language = "en_GB.UTF-8"
		window.x11.display = ":0"
		application.process.machine_id = "9adf804338d94207bf12268f135310ff"
		application.process.session_id = "c12"

Client #60
	Driver: module-x11-xsmp.c
	Owner Module: 24
	Properties:
		application.name = "XSMP Session on gnome-session as 10ee7f26374a0ae4d0144639753549113700000031020047"
		xsmp.vendor = "gnome-session"
		xsmp.client.id = "10ee7f26374a0ae4d0144639753549113700000031020047"

Client #61
	Driver: protocol-native.c
	Owner Module: 11
	Properties:
		application.name = "GNOME Volume Control Media Keys"
		native-protocol.peer = "UNIX socket client"
		native-protocol.version = "30"
		application.id = "org.gnome.VolumeControl"
		application.icon_name = "multimedia-volume-control"
		application.version = "1.0"
		application.process.id = "3077"
		application.process.user = "bcowgill"
		application.process.host = "worksharexps-XPS-15-9530"
		application.process.binary = "unity-settings-daemon"
		application.language = "en_GB.UTF-8"
		window.x11.display = ":0"
		application.process.machine_id = "9adf804338d94207bf12268f135310ff"
		application.process.session_id = "c12"

Client #80
	Driver: protocol-native.c
	Owner Module: 11
	Properties:
		application.name = "pactl"
		native-protocol.peer = "UNIX socket client"
		native-protocol.version = "30"
		application.process.id = "4802"
		application.process.user = "bcowgill"
		application.process.host = "worksharexps-XPS-15-9530"
		application.process.binary = "pactl"
		application.language = "en_GB.UTF-8"
		window.x11.display = ":0"
		application.process.machine_id = "9adf804338d94207bf12268f135310ff"
		application.process.session_id = "c12"

Card #0
	Name: alsa_card.pci-0000_00_03.0
	Driver: module-alsa-card.c
	Owner Module: 6
	Properties:
		alsa.card = "0"
		alsa.card_name = "HDA Intel HDMI"
		alsa.long_card_name = "HDA Intel HDMI at 0xf7a1c000 irq 37"
		alsa.driver_name = "snd_hda_intel"
		device.bus_path = "pci-0000:00:03.0"
		sysfs.path = "/devices/pci0000:00/0000:00:03.0/sound/card0"
		device.bus = "pci"
		device.vendor.id = "8086"
		device.vendor.name = "Intel Corporation"
		device.product.id = "0c0c"
		device.product.name = "Xeon E3-1200 v3/4th Gen Core Processor HD Audio Controller"
		device.form_factor = "internal"
		device.string = "0"
		device.description = "Built-in Audio"
		module-udev-detect.discovered = "1"
		device.icon_name = "audio-card-pci"
	Profiles:
		output:hdmi-stereo: Digital Stereo (HDMI) Output (sinks: 1, sources: 0, priority: 5400, available: yes)
		output:hdmi-surround: Digital Surround 5.1 (HDMI) Output (sinks: 1, sources: 0, priority: 300, available: yes)
		output:hdmi-surround71: Digital Surround 7.1 (HDMI) Output (sinks: 1, sources: 0, priority: 300, available: yes)
		output:hdmi-stereo-extra1: Digital Stereo (HDMI 2) Output (sinks: 1, sources: 0, priority: 5200, available: yes)
		output:hdmi-surround-extra1: Digital Surround 5.1 (HDMI 2) Output (sinks: 1, sources: 0, priority: 100, available: yes)
		output:hdmi-surround71-extra1: Digital Surround 7.1 (HDMI 2) Output (sinks: 1, sources: 0, priority: 100, available: yes)
		output:hdmi-stereo-extra2: Digital Stereo (HDMI 3) Output (sinks: 1, sources: 0, priority: 5200, available: yes)
		output:hdmi-surround-extra2: Digital Surround 5.1 (HDMI 3) Output (sinks: 1, sources: 0, priority: 100, available: yes)
		output:hdmi-surround71-extra2: Digital Surround 7.1 (HDMI 3) Output (sinks: 1, sources: 0, priority: 100, available: yes)
		off: Off (sinks: 0, sources: 0, priority: 0, available: yes)
	Active Profile: output:hdmi-stereo
	Ports:
		hdmi-output-0: HDMI / DisplayPort (priority: 5900, latency offset: 0 usec, not available)
			Properties:
				device.icon_name = "video-display"
			Part of profile(s): output:hdmi-stereo, output:hdmi-surround, output:hdmi-surround71
		hdmi-output-1: HDMI / DisplayPort 2 (priority: 5800, latency offset: 0 usec, not available)
			Properties:
				device.icon_name = "video-display"
			Part of profile(s): output:hdmi-stereo-extra1, output:hdmi-surround-extra1, output:hdmi-surround71-extra1
		hdmi-output-2: HDMI / DisplayPort 3 (priority: 5700, latency offset: 0 usec, not available)
			Properties:
				device.icon_name = "video-display"
			Part of profile(s): output:hdmi-stereo-extra2, output:hdmi-surround-extra2, output:hdmi-surround71-extra2

Card #1
	Name: alsa_card.pci-0000_00_1b.0
	Driver: module-alsa-card.c
	Owner Module: 7
	Properties:
		alsa.card = "1"
		alsa.card_name = "HDA Intel PCH"
		alsa.long_card_name = "HDA Intel PCH at 0xf7a18000 irq 36"
		alsa.driver_name = "snd_hda_intel"
		device.bus_path = "pci-0000:00:1b.0"
		sysfs.path = "/devices/pci0000:00/0000:00:1b.0/sound/card1"
		device.bus = "pci"
		device.vendor.id = "8086"
		device.vendor.name = "Intel Corporation"
		device.product.id = "8c20"
		device.product.name = "8 Series/C220 Series Chipset High Definition Audio Controller"
		device.form_factor = "internal"
		device.string = "1"
		device.description = "Built-in Audio"
		module-udev-detect.discovered = "1"
		device.icon_name = "audio-card-pci"
	Profiles:
		input:analog-stereo: Analogue Stereo Input (sinks: 0, sources: 1, priority: 60, available: yes)
		output:analog-stereo: Analogue Stereo Output (sinks: 1, sources: 0, priority: 6000, available: yes)
		output:analog-stereo+input:analog-stereo: Analogue Stereo Duplex (sinks: 1, sources: 1, priority: 6060, available: yes)
		off: Off (sinks: 0, sources: 0, priority: 0, available: yes)
	Active Profile: output:analog-stereo+input:analog-stereo
	Ports:
		analog-input-internal-mic: Internal Microphone (priority: 8900, latency offset: 0 usec)
			Properties:
				device.icon_name = "audio-input-microphone"
			Part of profile(s): input:analog-stereo, output:analog-stereo+input:analog-stereo
		analog-input-headphone-mic: Microphone (priority: 8700, latency offset: 0 usec, not available)
			Properties:
				device.icon_name = "audio-input-microphone"
			Part of profile(s): input:analog-stereo, output:analog-stereo+input:analog-stereo
		analog-input-headset-mic: Headset Microphone (priority: 8700, latency offset: 0 usec, not available)
			Properties:
				device.icon_name = "audio-input-microphone"
			Part of profile(s): input:analog-stereo, output:analog-stereo+input:analog-stereo
		analog-output-speaker: Speakers (priority: 10000, latency offset: 0 usec)
			Properties:
				device.icon_name = "audio-speakers"
			Part of profile(s): output:analog-stereo, output:analog-stereo+input:analog-stereo
		analog-output-headphones: Headphones (priority: 9000, latency offset: 0 usec, not available)
			Properties:
				device.icon_name = "audio-headphones"
			Part of profile(s): output:analog-stereo, output:analog-stereo+input:analog-stereo
